-- Found ament_cmake: 0.9.9 (/opt/ros/foxy/share/ament_cmake/cmake)
-- Using PYTHON_EXECUTABLE: /usr/bin/python3
-- Found rclpy: 1.0.8 (/opt/ros/foxy/share/rclpy/cmake)
-- Found ament_lint_auto: 0.9.6 (/opt/ros/foxy/share/ament_lint_auto/cmake)
-- Added test 'copyright' to check source files copyright and LICENSE
-- Added test 'flake8' to check Python code syntax and style conventions
-- Added test 'lint_cmake' to check CMake code style
-- Added test 'pep257' to check Python code against some of the style conventions in PEP 257
-- Added test 'xmllint' to check XML markup files
-- Configuring done
-- Generating done
-- Build files have been written to: /home/mathew/ROS_files/Workspaces/minirys_sim_ws/build/minirys_sim_pkg
-- Install configuration: ""
-- Installing: /home/mathew/ROS_files/Workspaces/minirys_sim_ws/install/minirys_sim_pkg/share/minirys_sim_pkg/environment/pythonpath.sh
-- Installing: /home/mathew/ROS_files/Workspaces/minirys_sim_ws/install/minirys_sim_pkg/share/minirys_sim_pkg/environment/pythonpath.dsv
-- Installing: /home/mathew/ROS_files/Workspaces/minirys_sim_ws/install/minirys_sim_pkg/lib/python3.8/site-packages/scripts/
-- Installing: /home/mathew/ROS_files/Workspaces/minirys_sim_ws/install/minirys_sim_pkg/lib/python3.8/site-packages/scripts//__init__.py
-- Installing: /home/mathew/ROS_files/Workspaces/minirys_sim_ws/install/minirys_sim_pkg/lib/python3.8/site-packages/scripts//cmd_pub_test.py
-- Installing: /home/mathew/ROS_files/Workspaces/minirys_sim_ws/install/minirys_sim_pkg/lib/python3.8/site-packages/scripts//odm_sub.py
-- Installing: /home/mathew/ROS_files/Workspaces/minirys_sim_ws/install/minirys_sim_pkg/lib/python3.8/site-packages/scripts//PID_publisher.py
Listing '/home/mathew/ROS_files/Workspaces/minirys_sim_ws/install/minirys_sim_pkg/lib/python3.8/site-packages/scripts/'...
Compiling '/home/mathew/ROS_files/Workspaces/minirys_sim_ws/install/minirys_sim_pkg/lib/python3.8/site-packages/scripts/PID_publisher.py'...
Compiling '/home/mathew/ROS_files/Workspaces/minirys_sim_ws/install/minirys_sim_pkg/lib/python3.8/site-packages/scripts/__init__.py'...
Compiling '/home/mathew/ROS_files/Workspaces/minirys_sim_ws/install/minirys_sim_pkg/lib/python3.8/site-packages/scripts/cmd_pub_test.py'...
Compiling '/home/mathew/ROS_files/Workspaces/minirys_sim_ws/install/minirys_sim_pkg/lib/python3.8/site-packages/scripts/odm_sub.py'...
-- Installing: /home/mathew/ROS_files/Workspaces/minirys_sim_ws/install/minirys_sim_pkg/lib/minirys_sim_pkg/cmd_pub_test.py
-- Installing: /home/mathew/ROS_files/Workspaces/minirys_sim_ws/install/minirys_sim_pkg/lib/minirys_sim_pkg/odm_sub.py
-- Installing: /home/mathew/ROS_files/Workspaces/minirys_sim_ws/install/minirys_sim_pkg/share/ament_index/resource_index/package_run_dependencies/minirys_sim_pkg
-- Up-to-date: /home/mathew/ROS_files/Workspaces/minirys_sim_ws/install/minirys_sim_pkg/share/ament_index/resource_index/parent_prefix_path/minirys_sim_pkg
-- Up-to-date: /home/mathew/ROS_files/Workspaces/minirys_sim_ws/install/minirys_sim_pkg/share/minirys_sim_pkg/environment/ament_prefix_path.sh
-- Installing: /home/mathew/ROS_files/Workspaces/minirys_sim_ws/install/minirys_sim_pkg/share/minirys_sim_pkg/environment/ament_prefix_path.dsv
-- Up-to-date: /home/mathew/ROS_files/Workspaces/minirys_sim_ws/install/minirys_sim_pkg/share/minirys_sim_pkg/environment/path.sh
-- Installing: /home/mathew/ROS_files/Workspaces/minirys_sim_ws/install/minirys_sim_pkg/share/minirys_sim_pkg/environment/path.dsv
-- Up-to-date: /home/mathew/ROS_files/Workspaces/minirys_sim_ws/install/minirys_sim_pkg/share/minirys_sim_pkg/local_setup.bash
-- Installing: /home/mathew/ROS_files/Workspaces/minirys_sim_ws/install/minirys_sim_pkg/share/minirys_sim_pkg/local_setup.sh
-- Up-to-date: /home/mathew/ROS_files/Workspaces/minirys_sim_ws/install/minirys_sim_pkg/share/minirys_sim_pkg/local_setup.zsh
-- Installing: /home/mathew/ROS_files/Workspaces/minirys_sim_ws/install/minirys_sim_pkg/share/minirys_sim_pkg/local_setup.dsv
-- Installing: /home/mathew/ROS_files/Workspaces/minirys_sim_ws/install/minirys_sim_pkg/share/minirys_sim_pkg/package.dsv
-- Up-to-date: /home/mathew/ROS_files/Workspaces/minirys_sim_ws/install/minirys_sim_pkg/share/ament_index/resource_index/packages/minirys_sim_pkg
-- Up-to-date: /home/mathew/ROS_files/Workspaces/minirys_sim_ws/install/minirys_sim_pkg/share/minirys_sim_pkg/cmake/minirys_sim_pkgConfig.cmake
-- Up-to-date: /home/mathew/ROS_files/Workspaces/minirys_sim_ws/install/minirys_sim_pkg/share/minirys_sim_pkg/cmake/minirys_sim_pkgConfig-version.cmake
-- Installing: /home/mathew/ROS_files/Workspaces/minirys_sim_ws/install/minirys_sim_pkg/share/minirys_sim_pkg/package.xml
