[0.008s] Invoking command in '/home/mathew/ROS_files/Workspaces/minirys_sim_ws/build/minirys_sim_pkg': CMAKE_PREFIX_PATH=/opt/ros/foxy /usr/bin/cmake --build /home/mathew/ROS_files/Workspaces/minirys_sim_ws/build/minirys_sim_pkg -- -j16 -l16
[0.024s] -- Found ament_cmake: 0.9.9 (/opt/ros/foxy/share/ament_cmake/cmake)
[0.038s] -- Using PYTHON_EXECUTABLE: /usr/bin/python3
[0.162s] -- Found rclpy: 1.0.8 (/opt/ros/foxy/share/rclpy/cmake)
[0.183s] -- Found ament_lint_auto: 0.9.6 (/opt/ros/foxy/share/ament_lint_auto/cmake)
[0.248s] -- Added test 'copyright' to check source files copyright and LICENSE
[0.249s] -- Added test 'flake8' to check Python code syntax and style conventions
[0.250s] -- Added test 'lint_cmake' to check CMake code style
[0.250s] -- Added test 'pep257' to check Python code against some of the style conventions in PEP 257
[0.251s] -- Added test 'xmllint' to check XML markup files
[0.253s] -- Configuring done
[0.269s] -- Generating done
[0.272s] -- Build files have been written to: /home/mathew/ROS_files/Workspaces/minirys_sim_ws/build/minirys_sim_pkg
[0.286s] Invoked command in '/home/mathew/ROS_files/Workspaces/minirys_sim_ws/build/minirys_sim_pkg' returned '0': CMAKE_PREFIX_PATH=/opt/ros/foxy /usr/bin/cmake --build /home/mathew/ROS_files/Workspaces/minirys_sim_ws/build/minirys_sim_pkg -- -j16 -l16
[0.305s] Invoking command in '/home/mathew/ROS_files/Workspaces/minirys_sim_ws/build/minirys_sim_pkg': CMAKE_PREFIX_PATH=/opt/ros/foxy /usr/bin/cmake --install /home/mathew/ROS_files/Workspaces/minirys_sim_ws/build/minirys_sim_pkg
[0.310s] -- Install configuration: ""
[0.310s] -- Installing: /home/mathew/ROS_files/Workspaces/minirys_sim_ws/install/minirys_sim_pkg/share/minirys_sim_pkg/environment/pythonpath.sh
[0.311s] -- Installing: /home/mathew/ROS_files/Workspaces/minirys_sim_ws/install/minirys_sim_pkg/share/minirys_sim_pkg/environment/pythonpath.dsv
[0.311s] -- Installing: /home/mathew/ROS_files/Workspaces/minirys_sim_ws/install/minirys_sim_pkg/lib/python3.8/site-packages/scripts/
[0.311s] -- Installing: /home/mathew/ROS_files/Workspaces/minirys_sim_ws/install/minirys_sim_pkg/lib/python3.8/site-packages/scripts//__init__.py
[0.311s] -- Installing: /home/mathew/ROS_files/Workspaces/minirys_sim_ws/install/minirys_sim_pkg/lib/python3.8/site-packages/scripts//cmd_pub_test.py
[0.311s] -- Installing: /home/mathew/ROS_files/Workspaces/minirys_sim_ws/install/minirys_sim_pkg/lib/python3.8/site-packages/scripts//odm_sub.py
[0.311s] -- Installing: /home/mathew/ROS_files/Workspaces/minirys_sim_ws/install/minirys_sim_pkg/lib/python3.8/site-packages/scripts//PID_publisher.py
[0.331s] Listing '/home/mathew/ROS_files/Workspaces/minirys_sim_ws/install/minirys_sim_pkg/lib/python3.8/site-packages/scripts/'...
[0.331s] Compiling '/home/mathew/ROS_files/Workspaces/minirys_sim_ws/install/minirys_sim_pkg/lib/python3.8/site-packages/scripts/PID_publisher.py'...
[0.331s] Compiling '/home/mathew/ROS_files/Workspaces/minirys_sim_ws/install/minirys_sim_pkg/lib/python3.8/site-packages/scripts/__init__.py'...
[0.331s] Compiling '/home/mathew/ROS_files/Workspaces/minirys_sim_ws/install/minirys_sim_pkg/lib/python3.8/site-packages/scripts/cmd_pub_test.py'...
[0.332s] Compiling '/home/mathew/ROS_files/Workspaces/minirys_sim_ws/install/minirys_sim_pkg/lib/python3.8/site-packages/scripts/odm_sub.py'...
[0.334s] -- Installing: /home/mathew/ROS_files/Workspaces/minirys_sim_ws/install/minirys_sim_pkg/lib/minirys_sim_pkg/cmd_pub_test.py
[0.334s] -- Installing: /home/mathew/ROS_files/Workspaces/minirys_sim_ws/install/minirys_sim_pkg/lib/minirys_sim_pkg/odm_sub.py
[0.334s] -- Installing: /home/mathew/ROS_files/Workspaces/minirys_sim_ws/install/minirys_sim_pkg/share/ament_index/resource_index/package_run_dependencies/minirys_sim_pkg
[0.334s] -- Up-to-date: /home/mathew/ROS_files/Workspaces/minirys_sim_ws/install/minirys_sim_pkg/share/ament_index/resource_index/parent_prefix_path/minirys_sim_pkg
[0.335s] -- Up-to-date: /home/mathew/ROS_files/Workspaces/minirys_sim_ws/install/minirys_sim_pkg/share/minirys_sim_pkg/environment/ament_prefix_path.sh
[0.335s] -- Installing: /home/mathew/ROS_files/Workspaces/minirys_sim_ws/install/minirys_sim_pkg/share/minirys_sim_pkg/environment/ament_prefix_path.dsv
[0.335s] -- Up-to-date: /home/mathew/ROS_files/Workspaces/minirys_sim_ws/install/minirys_sim_pkg/share/minirys_sim_pkg/environment/path.sh
[0.335s] -- Installing: /home/mathew/ROS_files/Workspaces/minirys_sim_ws/install/minirys_sim_pkg/share/minirys_sim_pkg/environment/path.dsv
[0.335s] -- Up-to-date: /home/mathew/ROS_files/Workspaces/minirys_sim_ws/install/minirys_sim_pkg/share/minirys_sim_pkg/local_setup.bash
[0.335s] -- Installing: /home/mathew/ROS_files/Workspaces/minirys_sim_ws/install/minirys_sim_pkg/share/minirys_sim_pkg/local_setup.sh
[0.335s] -- Up-to-date: /home/mathew/ROS_files/Workspaces/minirys_sim_ws/install/minirys_sim_pkg/share/minirys_sim_pkg/local_setup.zsh
[0.335s] -- Installing: /home/mathew/ROS_files/Workspaces/minirys_sim_ws/install/minirys_sim_pkg/share/minirys_sim_pkg/local_setup.dsv
[0.335s] -- Installing: /home/mathew/ROS_files/Workspaces/minirys_sim_ws/install/minirys_sim_pkg/share/minirys_sim_pkg/package.dsv
[0.335s] -- Up-to-date: /home/mathew/ROS_files/Workspaces/minirys_sim_ws/install/minirys_sim_pkg/share/ament_index/resource_index/packages/minirys_sim_pkg
[0.335s] -- Up-to-date: /home/mathew/ROS_files/Workspaces/minirys_sim_ws/install/minirys_sim_pkg/share/minirys_sim_pkg/cmake/minirys_sim_pkgConfig.cmake
[0.335s] -- Up-to-date: /home/mathew/ROS_files/Workspaces/minirys_sim_ws/install/minirys_sim_pkg/share/minirys_sim_pkg/cmake/minirys_sim_pkgConfig-version.cmake
[0.336s] -- Installing: /home/mathew/ROS_files/Workspaces/minirys_sim_ws/install/minirys_sim_pkg/share/minirys_sim_pkg/package.xml
[0.337s] Invoked command in '/home/mathew/ROS_files/Workspaces/minirys_sim_ws/build/minirys_sim_pkg' returned '0': CMAKE_PREFIX_PATH=/opt/ros/foxy /usr/bin/cmake --install /home/mathew/ROS_files/Workspaces/minirys_sim_ws/build/minirys_sim_pkg
