[0.016s] Invoking command in '/home/mathew/ROS_files/Workspaces/minirys_sim_ws/build/minirys_sim_pkg': CMAKE_PREFIX_PATH=/opt/ros/foxy /usr/bin/cmake --build /home/mathew/ROS_files/Workspaces/minirys_sim_ws/build/minirys_sim_pkg -- -j16 -l16
[0.215s] -- Found ament_cmake: 0.9.9 (/opt/ros/foxy/share/ament_cmake/cmake)
[0.281s] -- Using PYTHON_EXECUTABLE: /usr/bin/python3
[0.548s] CMake Error at CMakeLists.txt:20 (find_package):
[0.548s]   By not providing "Findament_camake_python.cmake" in CMAKE_MODULE_PATH this
[0.548s]   project has asked CMake to find a package configuration file provided by
[0.548s]   "ament_camake_python", but CMake did not find one.
[0.548s] 
[0.548s]   Could not find a package configuration file provided by
[0.548s]   "ament_camake_python" with any of the following names:
[0.548s] 
[0.548s]     ament_camake_pythonConfig.cmake
[0.548s]     ament_camake_python-config.cmake
[0.548s] 
[0.548s]   Add the installation prefix of "ament_camake_python" to CMAKE_PREFIX_PATH
[0.548s]   or set "ament_camake_python_DIR" to a directory containing one of the above
[0.548s]   files.  If "ament_camake_python" provides a separate development package or
[0.548s]   SDK, be sure it has been installed.
[0.548s] 
[0.548s] 
[0.548s] -- Configuring incomplete, errors occurred!
[0.548s] See also "/home/mathew/ROS_files/Workspaces/minirys_sim_ws/build/minirys_sim_pkg/CMakeFiles/CMakeOutput.log".
[0.549s] make: *** [Makefile:222: cmake_check_build_system] Error 1
[0.551s] Invoked command in '/home/mathew/ROS_files/Workspaces/minirys_sim_ws/build/minirys_sim_pkg' returned '2': CMAKE_PREFIX_PATH=/opt/ros/foxy /usr/bin/cmake --build /home/mathew/ROS_files/Workspaces/minirys_sim_ws/build/minirys_sim_pkg -- -j16 -l16
