[0.010s] Invoking command in '/home/mathew/ROS_files/Workspaces/minirys_sim_ws/build/minirys_sim_pkg': CMAKE_PREFIX_PATH=${CMAKE_PREFIX_PATH}:/opt/ros/foxy /usr/bin/cmake --build /home/mathew/ROS_files/Workspaces/minirys_sim_ws/build/minirys_sim_pkg -- -j16 -l16
[0.038s] -- Found ament_cmake: 0.9.9 (/opt/ros/foxy/share/ament_cmake/cmake)
[0.057s] -- Found PythonInterp: /usr/bin/python3 (found suitable version "3.8.10", minimum required is "3") 
[0.057s] -- Using PYTHON_EXECUTABLE: /usr/bin/python3
[0.195s] -- Found rclpy: 1.0.8 (/opt/ros/foxy/share/rclpy/cmake)
[0.195s] -- Found rosidl_default_generators: 1.0.1 (/opt/ros/foxy/share/rosidl_default_generators/cmake)
[0.198s] -- Using all available rosidl_typesupport_c: rosidl_typesupport_fastrtps_c;rosidl_typesupport_introspection_c
[0.202s] -- Found rosidl_adapter: 1.2.1 (/opt/ros/foxy/share/rosidl_adapter/cmake)
[0.541s] -- Using all available rosidl_typesupport_cpp: rosidl_typesupport_fastrtps_cpp;rosidl_typesupport_introspection_cpp
[0.589s] -- Found PythonInterp: /usr/bin/python3 (found version "3.8.10") 
[0.746s] -- Found ament_cmake_ros: 0.9.2 (/opt/ros/foxy/share/ament_cmake_ros/cmake)
[0.812s] -- Using all available rosidl_typesupport_c: rosidl_typesupport_fastrtps_c;rosidl_typesupport_introspection_c
[0.817s] -- Using all available rosidl_typesupport_cpp: rosidl_typesupport_fastrtps_cpp;rosidl_typesupport_introspection_cpp
[0.832s] -- Found PythonInterp: /usr/bin/python3 (found suitable version "3.8.10", minimum required is "3.5") 
[0.833s] -- Found python_cmake_module: 0.8.1 (/opt/ros/foxy/share/python_cmake_module/cmake)
[0.849s] -- Using PYTHON_EXECUTABLE: /usr/bin/python3
[0.849s] -- Using PYTHON_INCLUDE_DIRS: /usr/include/python3.8
[0.849s] -- Using PYTHON_LIBRARIES: /usr/lib/x86_64-linux-gnu/libpython3.8.so
[0.858s] -- Found ament_lint_auto: 0.9.6 (/opt/ros/foxy/share/ament_lint_auto/cmake)
[0.871s] -- Added test 'copyright' to check source files copyright and LICENSE
[0.873s] -- Added test 'flake8' to check Python code syntax and style conventions
[0.873s] -- Added test 'lint_cmake' to check CMake code style
[0.873s] -- Added test 'pep257' to check Python code against some of the style conventions in PEP 257
[0.874s] -- Added test 'xmllint' to check XML markup files
[0.877s] -- Configuring done
[0.896s] -- Generating done
[0.898s] -- Build files have been written to: /home/mathew/ROS_files/Workspaces/minirys_sim_ws/build/minirys_sim_pkg
[0.915s] [  3%] [34m[1mGenerating C code for ROS interfaces[0m
[0.922s] [  6%] [34m[1mGenerating C++ code for ROS interfaces[0m
[1.072s] [35m[1mScanning dependencies of target minirys_sim_pkg__rosidl_generator_c[0m
[1.078s] [  6%] Built target minirys_sim_pkg__cpp
[1.080s] [  9%] [32mBuilding C object CMakeFiles/minirys_sim_pkg__rosidl_generator_c.dir/rosidl_generator_c/minirys_sim_pkg/msg/detail/orders__functions.c.o[0m
[1.084s] [ 19%] [34m[1mGenerating C++ type support dispatch for ROS interfaces[0m
[1.084s] [ 19%] [34m[1mGenerating C++ introspection for ROS interfaces[0m
[1.084s] [ 19%] [34m[1mGenerating C++ type support for eProsima Fast-RTPS[0m
[1.121s] [ 22%] [32m[1mLinking C shared library libminirys_sim_pkg__rosidl_generator_c.so[0m
[1.150s] [ 22%] Built target minirys_sim_pkg__rosidl_generator_c
[1.157s] [ 25%] [34m[1mGenerating C introspection for ROS interfaces[0m
[1.158s] [ 29%] [34m[1mGenerating C type support dispatch for ROS interfaces[0m
[1.229s] [35m[1mScanning dependencies of target minirys_sim_pkg__rosidl_typesupport_cpp[0m
[1.235s] [35m[1mScanning dependencies of target minirys_sim_pkg__rosidl_typesupport_introspection_cpp[0m
[1.237s] [ 32%] [32mBuilding CXX object CMakeFiles/minirys_sim_pkg__rosidl_typesupport_cpp.dir/rosidl_typesupport_cpp/minirys_sim_pkg/msg/orders__type_support.cpp.o[0m
[1.241s] [35m[1mScanning dependencies of target minirys_sim_pkg__rosidl_typesupport_fastrtps_cpp[0m
[1.243s] [ 35%] [32mBuilding CXX object CMakeFiles/minirys_sim_pkg__rosidl_typesupport_introspection_cpp.dir/rosidl_typesupport_introspection_cpp/minirys_sim_pkg/msg/detail/orders__type_support.cpp.o[0m
[1.250s] [ 38%] [32mBuilding CXX object CMakeFiles/minirys_sim_pkg__rosidl_typesupport_fastrtps_cpp.dir/rosidl_typesupport_fastrtps_cpp/minirys_sim_pkg/msg/detail/dds_fastrtps/orders__type_support.cpp.o[0m
[1.315s] [35m[1mScanning dependencies of target minirys_sim_pkg__rosidl_typesupport_introspection_c[0m
[1.323s] [ 41%] [32mBuilding C object CMakeFiles/minirys_sim_pkg__rosidl_typesupport_introspection_c.dir/rosidl_typesupport_introspection_c/minirys_sim_pkg/msg/detail/orders__type_support.c.o[0m
[1.338s] [35m[1mScanning dependencies of target minirys_sim_pkg__rosidl_typesupport_c[0m
[1.346s] [ 48%] [32m[1mLinking C shared library libminirys_sim_pkg__rosidl_typesupport_introspection_c.so[0m
[1.346s] [ 48%] [32mBuilding CXX object CMakeFiles/minirys_sim_pkg__rosidl_typesupport_c.dir/rosidl_typesupport_c/minirys_sim_pkg/msg/orders__type_support.cpp.o[0m
[1.367s] [ 48%] Built target minirys_sim_pkg__rosidl_typesupport_introspection_c
[1.372s] [ 51%] [32m[1mLinking CXX shared library libminirys_sim_pkg__rosidl_typesupport_c.so[0m
[1.400s] [ 51%] Built target minirys_sim_pkg__rosidl_typesupport_c
[1.448s] [ 54%] [32m[1mLinking CXX shared library libminirys_sim_pkg__rosidl_typesupport_cpp.so[0m
[1.451s] [ 58%] [32m[1mLinking CXX shared library libminirys_sim_pkg__rosidl_typesupport_introspection_cpp.so[0m
[1.477s] [ 58%] Built target minirys_sim_pkg__rosidl_typesupport_cpp
[1.477s] [ 58%] Built target minirys_sim_pkg__rosidl_typesupport_introspection_cpp
[1.543s] [ 61%] [32m[1mLinking CXX shared library libminirys_sim_pkg__rosidl_typesupport_fastrtps_cpp.so[0m
[1.602s] [ 61%] Built target minirys_sim_pkg__rosidl_typesupport_fastrtps_cpp
[1.609s] [ 64%] [34m[1mGenerating C type support for eProsima Fast-RTPS[0m
[1.795s] [35m[1mScanning dependencies of target minirys_sim_pkg__rosidl_typesupport_fastrtps_c[0m
[1.803s] [ 67%] [32mBuilding CXX object CMakeFiles/minirys_sim_pkg__rosidl_typesupport_fastrtps_c.dir/rosidl_typesupport_fastrtps_c/minirys_sim_pkg/msg/detail/orders__type_support_c.cpp.o[0m
[2.043s] [ 70%] [32m[1mLinking CXX shared library libminirys_sim_pkg__rosidl_typesupport_fastrtps_c.so[0m
[2.098s] [ 70%] Built target minirys_sim_pkg__rosidl_typesupport_fastrtps_c
[2.111s] [ 70%] Built target minirys_sim_pkg
[2.125s] [ 74%] [34m[1mGenerating Python code for ROS interfaces[0m
[2.378s] [ 74%] Built target minirys_sim_pkg__py
[2.385s] [35m[1mScanning dependencies of target minirys_sim_pkg__python[0m
[2.395s] [ 77%] [32mBuilding C object CMakeFiles/minirys_sim_pkg__python.dir/rosidl_generator_py/minirys_sim_pkg/msg/_orders_s.c.o[0m
[2.452s] [ 80%] [32m[1mLinking C shared library rosidl_generator_py/minirys_sim_pkg/libminirys_sim_pkg__python.so[0m
[2.478s] [ 80%] Built target minirys_sim_pkg__python
[2.485s] [35m[1mScanning dependencies of target minirys_sim_pkg__rosidl_typesupport_c__pyext[0m
[2.485s] [35m[1mScanning dependencies of target minirys_sim_pkg__rosidl_typesupport_fastrtps_c__pyext[0m
[2.485s] [35m[1mScanning dependencies of target minirys_sim_pkg__rosidl_typesupport_introspection_c__pyext[0m
[2.495s] [ 90%] [32mBuilding C object CMakeFiles/minirys_sim_pkg__rosidl_typesupport_fastrtps_c__pyext.dir/rosidl_generator_py/minirys_sim_pkg/_minirys_sim_pkg_s.ep.rosidl_typesupport_fastrtps_c.c.o[0m
[2.495s] [ 90%] [32mBuilding C object CMakeFiles/minirys_sim_pkg__rosidl_typesupport_c__pyext.dir/rosidl_generator_py/minirys_sim_pkg/_minirys_sim_pkg_s.ep.rosidl_typesupport_c.c.o[0m
[2.495s] [ 90%] [32mBuilding C object CMakeFiles/minirys_sim_pkg__rosidl_typesupport_introspection_c__pyext.dir/rosidl_generator_py/minirys_sim_pkg/_minirys_sim_pkg_s.ep.rosidl_typesupport_introspection_c.c.o[0m
[2.547s] [100%] [32m[1mLinking C shared library rosidl_generator_py/minirys_sim_pkg/minirys_sim_pkg_s__rosidl_typesupport_introspection_c.cpython-38-x86_64-linux-gnu.so[0m
[2.547s] [100%] [32m[1mLinking CXX shared library rosidl_generator_py/minirys_sim_pkg/minirys_sim_pkg_s__rosidl_typesupport_fastrtps_c.cpython-38-x86_64-linux-gnu.so[0m
[2.547s] [100%] [32m[1mLinking C shared library rosidl_generator_py/minirys_sim_pkg/minirys_sim_pkg_s__rosidl_typesupport_c.cpython-38-x86_64-linux-gnu.so[0m
[2.569s] [100%] Built target minirys_sim_pkg__rosidl_typesupport_introspection_c__pyext
[2.569s] [100%] Built target minirys_sim_pkg__rosidl_typesupport_c__pyext
[2.588s] [100%] Built target minirys_sim_pkg__rosidl_typesupport_fastrtps_c__pyext
[2.595s] Invoked command in '/home/mathew/ROS_files/Workspaces/minirys_sim_ws/build/minirys_sim_pkg' returned '0': CMAKE_PREFIX_PATH=${CMAKE_PREFIX_PATH}:/opt/ros/foxy /usr/bin/cmake --build /home/mathew/ROS_files/Workspaces/minirys_sim_ws/build/minirys_sim_pkg -- -j16 -l16
[2.632s] Invoking command in '/home/mathew/ROS_files/Workspaces/minirys_sim_ws/build/minirys_sim_pkg': CMAKE_PREFIX_PATH=${CMAKE_PREFIX_PATH}:/opt/ros/foxy /usr/bin/cmake --install /home/mathew/ROS_files/Workspaces/minirys_sim_ws/build/minirys_sim_pkg
[2.638s] -- Install configuration: ""
[2.638s] -- Up-to-date: /home/mathew/ROS_files/Workspaces/minirys_sim_ws/install/minirys_sim_pkg/share/ament_index/resource_index/rosidl_interfaces/minirys_sim_pkg
[2.638s] -- Up-to-date: /home/mathew/ROS_files/Workspaces/minirys_sim_ws/install/minirys_sim_pkg/include/minirys_sim_pkg
[2.638s] -- Up-to-date: /home/mathew/ROS_files/Workspaces/minirys_sim_ws/install/minirys_sim_pkg/include/minirys_sim_pkg/msg
[2.639s] -- Installing: /home/mathew/ROS_files/Workspaces/minirys_sim_ws/install/minirys_sim_pkg/include/minirys_sim_pkg/msg/orders.h
[2.639s] -- Up-to-date: /home/mathew/ROS_files/Workspaces/minirys_sim_ws/install/minirys_sim_pkg/include/minirys_sim_pkg/msg/rosidl_generator_c__visibility_control.h
[2.639s] -- Up-to-date: /home/mathew/ROS_files/Workspaces/minirys_sim_ws/install/minirys_sim_pkg/include/minirys_sim_pkg/msg/detail
[2.639s] -- Installing: /home/mathew/ROS_files/Workspaces/minirys_sim_ws/install/minirys_sim_pkg/include/minirys_sim_pkg/msg/detail/orders__struct.h
[2.639s] -- Installing: /home/mathew/ROS_files/Workspaces/minirys_sim_ws/install/minirys_sim_pkg/include/minirys_sim_pkg/msg/detail/orders__functions.h
[2.639s] -- Installing: /home/mathew/ROS_files/Workspaces/minirys_sim_ws/install/minirys_sim_pkg/include/minirys_sim_pkg/msg/detail/orders__type_support.h
[2.639s] -- Installing: /home/mathew/ROS_files/Workspaces/minirys_sim_ws/install/minirys_sim_pkg/include/minirys_sim_pkg/msg/detail/orders__functions.c
[2.639s] -- Up-to-date: /home/mathew/ROS_files/Workspaces/minirys_sim_ws/install/minirys_sim_pkg/share/minirys_sim_pkg/environment/library_path.sh
[2.639s] -- Installing: /home/mathew/ROS_files/Workspaces/minirys_sim_ws/install/minirys_sim_pkg/share/minirys_sim_pkg/environment/library_path.dsv
[2.639s] -- Installing: /home/mathew/ROS_files/Workspaces/minirys_sim_ws/install/minirys_sim_pkg/lib/libminirys_sim_pkg__rosidl_generator_c.so
[2.639s] -- Set runtime path of "/home/mathew/ROS_files/Workspaces/minirys_sim_ws/install/minirys_sim_pkg/lib/libminirys_sim_pkg__rosidl_generator_c.so" to ""
[2.639s] -- Up-to-date: /home/mathew/ROS_files/Workspaces/minirys_sim_ws/install/minirys_sim_pkg/include/minirys_sim_pkg
[2.639s] -- Up-to-date: /home/mathew/ROS_files/Workspaces/minirys_sim_ws/install/minirys_sim_pkg/include/minirys_sim_pkg/msg
[2.639s] -- Up-to-date: /home/mathew/ROS_files/Workspaces/minirys_sim_ws/install/minirys_sim_pkg/include/minirys_sim_pkg/msg/detail
[2.639s] -- Installing: /home/mathew/ROS_files/Workspaces/minirys_sim_ws/install/minirys_sim_pkg/include/minirys_sim_pkg/msg/detail/orders__rosidl_typesupport_fastrtps_c.h
[2.639s] -- Up-to-date: /home/mathew/ROS_files/Workspaces/minirys_sim_ws/install/minirys_sim_pkg/include/minirys_sim_pkg/msg/rosidl_typesupport_fastrtps_c__visibility_control.h
[2.640s] -- Installing: /home/mathew/ROS_files/Workspaces/minirys_sim_ws/install/minirys_sim_pkg/lib/libminirys_sim_pkg__rosidl_typesupport_fastrtps_c.so
[2.640s] -- Set runtime path of "/home/mathew/ROS_files/Workspaces/minirys_sim_ws/install/minirys_sim_pkg/lib/libminirys_sim_pkg__rosidl_typesupport_fastrtps_c.so" to ""
[2.640s] -- Up-to-date: /home/mathew/ROS_files/Workspaces/minirys_sim_ws/install/minirys_sim_pkg/include/minirys_sim_pkg
[2.640s] -- Up-to-date: /home/mathew/ROS_files/Workspaces/minirys_sim_ws/install/minirys_sim_pkg/include/minirys_sim_pkg/msg
[2.640s] -- Up-to-date: /home/mathew/ROS_files/Workspaces/minirys_sim_ws/install/minirys_sim_pkg/include/minirys_sim_pkg/msg/detail
[2.640s] -- Installing: /home/mathew/ROS_files/Workspaces/minirys_sim_ws/install/minirys_sim_pkg/include/minirys_sim_pkg/msg/detail/orders__rosidl_typesupport_fastrtps_cpp.hpp
[2.640s] -- Up-to-date: /home/mathew/ROS_files/Workspaces/minirys_sim_ws/install/minirys_sim_pkg/include/minirys_sim_pkg/msg/detail/dds_fastrtps
[2.640s] -- Up-to-date: /home/mathew/ROS_files/Workspaces/minirys_sim_ws/install/minirys_sim_pkg/include/minirys_sim_pkg/msg/rosidl_typesupport_fastrtps_cpp__visibility_control.h
[2.640s] -- Installing: /home/mathew/ROS_files/Workspaces/minirys_sim_ws/install/minirys_sim_pkg/lib/libminirys_sim_pkg__rosidl_typesupport_fastrtps_cpp.so
[2.640s] -- Set runtime path of "/home/mathew/ROS_files/Workspaces/minirys_sim_ws/install/minirys_sim_pkg/lib/libminirys_sim_pkg__rosidl_typesupport_fastrtps_cpp.so" to ""
[2.640s] -- Up-to-date: /home/mathew/ROS_files/Workspaces/minirys_sim_ws/install/minirys_sim_pkg/include/minirys_sim_pkg
[2.640s] -- Up-to-date: /home/mathew/ROS_files/Workspaces/minirys_sim_ws/install/minirys_sim_pkg/include/minirys_sim_pkg/msg
[2.640s] -- Up-to-date: /home/mathew/ROS_files/Workspaces/minirys_sim_ws/install/minirys_sim_pkg/include/minirys_sim_pkg/msg/detail
[2.640s] -- Installing: /home/mathew/ROS_files/Workspaces/minirys_sim_ws/install/minirys_sim_pkg/include/minirys_sim_pkg/msg/detail/orders__rosidl_typesupport_introspection_c.h
[2.640s] -- Installing: /home/mathew/ROS_files/Workspaces/minirys_sim_ws/install/minirys_sim_pkg/include/minirys_sim_pkg/msg/detail/orders__type_support.c
[2.641s] -- Up-to-date: /home/mathew/ROS_files/Workspaces/minirys_sim_ws/install/minirys_sim_pkg/include/minirys_sim_pkg/msg/rosidl_typesupport_introspection_c__visibility_control.h
[2.641s] -- Installing: /home/mathew/ROS_files/Workspaces/minirys_sim_ws/install/minirys_sim_pkg/lib/libminirys_sim_pkg__rosidl_typesupport_introspection_c.so
[2.641s] -- Set runtime path of "/home/mathew/ROS_files/Workspaces/minirys_sim_ws/install/minirys_sim_pkg/lib/libminirys_sim_pkg__rosidl_typesupport_introspection_c.so" to ""
[2.641s] -- Installing: /home/mathew/ROS_files/Workspaces/minirys_sim_ws/install/minirys_sim_pkg/lib/libminirys_sim_pkg__rosidl_typesupport_c.so
[2.641s] -- Set runtime path of "/home/mathew/ROS_files/Workspaces/minirys_sim_ws/install/minirys_sim_pkg/lib/libminirys_sim_pkg__rosidl_typesupport_c.so" to ""
[2.641s] -- Up-to-date: /home/mathew/ROS_files/Workspaces/minirys_sim_ws/install/minirys_sim_pkg/include/minirys_sim_pkg
[2.641s] -- Up-to-date: /home/mathew/ROS_files/Workspaces/minirys_sim_ws/install/minirys_sim_pkg/include/minirys_sim_pkg/msg
[2.641s] -- Up-to-date: /home/mathew/ROS_files/Workspaces/minirys_sim_ws/install/minirys_sim_pkg/include/minirys_sim_pkg/msg/detail
[2.641s] -- Installing: /home/mathew/ROS_files/Workspaces/minirys_sim_ws/install/minirys_sim_pkg/include/minirys_sim_pkg/msg/detail/orders__builder.hpp
[2.641s] -- Installing: /home/mathew/ROS_files/Workspaces/minirys_sim_ws/install/minirys_sim_pkg/include/minirys_sim_pkg/msg/detail/orders__traits.hpp
[2.641s] -- Installing: /home/mathew/ROS_files/Workspaces/minirys_sim_ws/install/minirys_sim_pkg/include/minirys_sim_pkg/msg/detail/orders__struct.hpp
[2.641s] -- Installing: /home/mathew/ROS_files/Workspaces/minirys_sim_ws/install/minirys_sim_pkg/include/minirys_sim_pkg/msg/orders.hpp
[2.641s] -- Up-to-date: /home/mathew/ROS_files/Workspaces/minirys_sim_ws/install/minirys_sim_pkg/include/minirys_sim_pkg
[2.642s] -- Up-to-date: /home/mathew/ROS_files/Workspaces/minirys_sim_ws/install/minirys_sim_pkg/include/minirys_sim_pkg/msg
[2.642s] -- Up-to-date: /home/mathew/ROS_files/Workspaces/minirys_sim_ws/install/minirys_sim_pkg/include/minirys_sim_pkg/msg/detail
[2.642s] -- Installing: /home/mathew/ROS_files/Workspaces/minirys_sim_ws/install/minirys_sim_pkg/include/minirys_sim_pkg/msg/detail/orders__rosidl_typesupport_introspection_cpp.hpp
[2.642s] -- Installing: /home/mathew/ROS_files/Workspaces/minirys_sim_ws/install/minirys_sim_pkg/include/minirys_sim_pkg/msg/detail/orders__type_support.cpp
[2.642s] -- Installing: /home/mathew/ROS_files/Workspaces/minirys_sim_ws/install/minirys_sim_pkg/lib/libminirys_sim_pkg__rosidl_typesupport_introspection_cpp.so
[2.642s] -- Set runtime path of "/home/mathew/ROS_files/Workspaces/minirys_sim_ws/install/minirys_sim_pkg/lib/libminirys_sim_pkg__rosidl_typesupport_introspection_cpp.so" to ""
[2.642s] -- Installing: /home/mathew/ROS_files/Workspaces/minirys_sim_ws/install/minirys_sim_pkg/lib/libminirys_sim_pkg__rosidl_typesupport_cpp.so
[2.642s] -- Set runtime path of "/home/mathew/ROS_files/Workspaces/minirys_sim_ws/install/minirys_sim_pkg/lib/libminirys_sim_pkg__rosidl_typesupport_cpp.so" to ""
[2.642s] -- Up-to-date: /home/mathew/ROS_files/Workspaces/minirys_sim_ws/install/minirys_sim_pkg/share/minirys_sim_pkg/environment/pythonpath.sh
[2.642s] -- Installing: /home/mathew/ROS_files/Workspaces/minirys_sim_ws/install/minirys_sim_pkg/share/minirys_sim_pkg/environment/pythonpath.dsv
[2.642s] -- Installing: /home/mathew/ROS_files/Workspaces/minirys_sim_ws/install/minirys_sim_pkg/lib/python3.8/site-packages/minirys_sim_pkg/__init__.py
[2.663s] Compiling '/home/mathew/ROS_files/Workspaces/minirys_sim_ws/install/minirys_sim_pkg/lib/python3.8/site-packages/minirys_sim_pkg/__init__.py'...
[2.666s] -- Up-to-date: /home/mathew/ROS_files/Workspaces/minirys_sim_ws/install/minirys_sim_pkg/lib/python3.8/site-packages/minirys_sim_pkg/msg
[2.666s] -- Installing: /home/mathew/ROS_files/Workspaces/minirys_sim_ws/install/minirys_sim_pkg/lib/python3.8/site-packages/minirys_sim_pkg/msg/__init__.py
[2.666s] -- Installing: /home/mathew/ROS_files/Workspaces/minirys_sim_ws/install/minirys_sim_pkg/lib/python3.8/site-packages/minirys_sim_pkg/msg/_orders_s.c
[2.666s] -- Installing: /home/mathew/ROS_files/Workspaces/minirys_sim_ws/install/minirys_sim_pkg/lib/python3.8/site-packages/minirys_sim_pkg/msg/_orders.py
[2.666s] -- Installing: /home/mathew/ROS_files/Workspaces/minirys_sim_ws/install/minirys_sim_pkg/lib/python3.8/site-packages/minirys_sim_pkg/minirys_sim_pkg_s__rosidl_typesupport_fastrtps_c.cpython-38-x86_64-linux-gnu.so
[2.666s] -- Set runtime path of "/home/mathew/ROS_files/Workspaces/minirys_sim_ws/install/minirys_sim_pkg/lib/python3.8/site-packages/minirys_sim_pkg/minirys_sim_pkg_s__rosidl_typesupport_fastrtps_c.cpython-38-x86_64-linux-gnu.so" to ""
[2.667s] -- Installing: /home/mathew/ROS_files/Workspaces/minirys_sim_ws/install/minirys_sim_pkg/lib/python3.8/site-packages/minirys_sim_pkg/minirys_sim_pkg_s__rosidl_typesupport_introspection_c.cpython-38-x86_64-linux-gnu.so
[2.667s] -- Set runtime path of "/home/mathew/ROS_files/Workspaces/minirys_sim_ws/install/minirys_sim_pkg/lib/python3.8/site-packages/minirys_sim_pkg/minirys_sim_pkg_s__rosidl_typesupport_introspection_c.cpython-38-x86_64-linux-gnu.so" to ""
[2.667s] -- Installing: /home/mathew/ROS_files/Workspaces/minirys_sim_ws/install/minirys_sim_pkg/lib/python3.8/site-packages/minirys_sim_pkg/minirys_sim_pkg_s__rosidl_typesupport_c.cpython-38-x86_64-linux-gnu.so
[2.668s] -- Set runtime path of "/home/mathew/ROS_files/Workspaces/minirys_sim_ws/install/minirys_sim_pkg/lib/python3.8/site-packages/minirys_sim_pkg/minirys_sim_pkg_s__rosidl_typesupport_c.cpython-38-x86_64-linux-gnu.so" to ""
[2.668s] -- Installing: /home/mathew/ROS_files/Workspaces/minirys_sim_ws/install/minirys_sim_pkg/lib/libminirys_sim_pkg__python.so
[2.668s] -- Set runtime path of "/home/mathew/ROS_files/Workspaces/minirys_sim_ws/install/minirys_sim_pkg/lib/libminirys_sim_pkg__python.so" to ""
[2.668s] -- Installing: /home/mathew/ROS_files/Workspaces/minirys_sim_ws/install/minirys_sim_pkg/share/minirys_sim_pkg/msg/Orders.idl
[2.668s] -- Installing: /home/mathew/ROS_files/Workspaces/minirys_sim_ws/install/minirys_sim_pkg/share/minirys_sim_pkg/msg/Orders.msg
[2.668s] -- Up-to-date: /home/mathew/ROS_files/Workspaces/minirys_sim_ws/install/minirys_sim_pkg/lib/python3.8/site-packages/scripts/
[2.668s] -- Up-to-date: /home/mathew/ROS_files/Workspaces/minirys_sim_ws/install/minirys_sim_pkg/lib/python3.8/site-packages/scripts//__init__.py
[2.668s] -- Installing: /home/mathew/ROS_files/Workspaces/minirys_sim_ws/install/minirys_sim_pkg/lib/python3.8/site-packages/scripts//cmd_pub_test.py
[2.668s] -- Installing: /home/mathew/ROS_files/Workspaces/minirys_sim_ws/install/minirys_sim_pkg/lib/python3.8/site-packages/scripts//odm_sub.py
[2.668s] -- Up-to-date: /home/mathew/ROS_files/Workspaces/minirys_sim_ws/install/minirys_sim_pkg/lib/python3.8/site-packages/scripts//PID_publisher.py
[2.691s] Listing '/home/mathew/ROS_files/Workspaces/minirys_sim_ws/install/minirys_sim_pkg/lib/python3.8/site-packages/scripts/'...
[2.691s] Compiling '/home/mathew/ROS_files/Workspaces/minirys_sim_ws/install/minirys_sim_pkg/lib/python3.8/site-packages/scripts/cmd_pub_test.py'...
[2.691s] Compiling '/home/mathew/ROS_files/Workspaces/minirys_sim_ws/install/minirys_sim_pkg/lib/python3.8/site-packages/scripts/odm_sub.py'...
[2.693s] -- Installing: /home/mathew/ROS_files/Workspaces/minirys_sim_ws/install/minirys_sim_pkg/lib/minirys_sim_pkg/cmd_pub_test.py
[2.693s] -- Installing: /home/mathew/ROS_files/Workspaces/minirys_sim_ws/install/minirys_sim_pkg/lib/minirys_sim_pkg/odm_sub.py
[2.693s] -- Up-to-date: /home/mathew/ROS_files/Workspaces/minirys_sim_ws/install/minirys_sim_pkg/share/ament_index/resource_index/package_run_dependencies/minirys_sim_pkg
[2.694s] -- Installing: /home/mathew/ROS_files/Workspaces/minirys_sim_ws/install/minirys_sim_pkg/share/ament_index/resource_index/parent_prefix_path/minirys_sim_pkg
[2.694s] -- Up-to-date: /home/mathew/ROS_files/Workspaces/minirys_sim_ws/install/minirys_sim_pkg/share/minirys_sim_pkg/environment/ament_prefix_path.sh
[2.694s] -- Installing: /home/mathew/ROS_files/Workspaces/minirys_sim_ws/install/minirys_sim_pkg/share/minirys_sim_pkg/environment/ament_prefix_path.dsv
[2.694s] -- Up-to-date: /home/mathew/ROS_files/Workspaces/minirys_sim_ws/install/minirys_sim_pkg/share/minirys_sim_pkg/environment/path.sh
[2.694s] -- Installing: /home/mathew/ROS_files/Workspaces/minirys_sim_ws/install/minirys_sim_pkg/share/minirys_sim_pkg/environment/path.dsv
[2.694s] -- Up-to-date: /home/mathew/ROS_files/Workspaces/minirys_sim_ws/install/minirys_sim_pkg/share/minirys_sim_pkg/local_setup.bash
[2.694s] -- Up-to-date: /home/mathew/ROS_files/Workspaces/minirys_sim_ws/install/minirys_sim_pkg/share/minirys_sim_pkg/local_setup.sh
[2.694s] -- Up-to-date: /home/mathew/ROS_files/Workspaces/minirys_sim_ws/install/minirys_sim_pkg/share/minirys_sim_pkg/local_setup.zsh
[2.694s] -- Installing: /home/mathew/ROS_files/Workspaces/minirys_sim_ws/install/minirys_sim_pkg/share/minirys_sim_pkg/local_setup.dsv
[2.694s] -- Installing: /home/mathew/ROS_files/Workspaces/minirys_sim_ws/install/minirys_sim_pkg/share/minirys_sim_pkg/package.dsv
[2.694s] -- Up-to-date: /home/mathew/ROS_files/Workspaces/minirys_sim_ws/install/minirys_sim_pkg/share/ament_index/resource_index/packages/minirys_sim_pkg
[2.694s] -- Up-to-date: /home/mathew/ROS_files/Workspaces/minirys_sim_ws/install/minirys_sim_pkg/share/minirys_sim_pkg/cmake/minirys_sim_pkg__rosidl_generator_cExport.cmake
[2.694s] -- Installing: /home/mathew/ROS_files/Workspaces/minirys_sim_ws/install/minirys_sim_pkg/share/minirys_sim_pkg/cmake/minirys_sim_pkg__rosidl_generator_cExport-noconfig.cmake
[2.695s] -- Up-to-date: /home/mathew/ROS_files/Workspaces/minirys_sim_ws/install/minirys_sim_pkg/share/minirys_sim_pkg/cmake/minirys_sim_pkg__rosidl_typesupport_introspection_cExport.cmake
[2.695s] -- Installing: /home/mathew/ROS_files/Workspaces/minirys_sim_ws/install/minirys_sim_pkg/share/minirys_sim_pkg/cmake/minirys_sim_pkg__rosidl_typesupport_introspection_cExport-noconfig.cmake
[2.695s] -- Up-to-date: /home/mathew/ROS_files/Workspaces/minirys_sim_ws/install/minirys_sim_pkg/share/minirys_sim_pkg/cmake/minirys_sim_pkg__rosidl_typesupport_cExport.cmake
[2.695s] -- Installing: /home/mathew/ROS_files/Workspaces/minirys_sim_ws/install/minirys_sim_pkg/share/minirys_sim_pkg/cmake/minirys_sim_pkg__rosidl_typesupport_cExport-noconfig.cmake
[2.695s] -- Up-to-date: /home/mathew/ROS_files/Workspaces/minirys_sim_ws/install/minirys_sim_pkg/share/minirys_sim_pkg/cmake/minirys_sim_pkg__rosidl_generator_cppExport.cmake
[2.695s] -- Up-to-date: /home/mathew/ROS_files/Workspaces/minirys_sim_ws/install/minirys_sim_pkg/share/minirys_sim_pkg/cmake/minirys_sim_pkg__rosidl_typesupport_introspection_cppExport.cmake
[2.695s] -- Installing: /home/mathew/ROS_files/Workspaces/minirys_sim_ws/install/minirys_sim_pkg/share/minirys_sim_pkg/cmake/minirys_sim_pkg__rosidl_typesupport_introspection_cppExport-noconfig.cmake
[2.695s] -- Up-to-date: /home/mathew/ROS_files/Workspaces/minirys_sim_ws/install/minirys_sim_pkg/share/minirys_sim_pkg/cmake/minirys_sim_pkg__rosidl_typesupport_cppExport.cmake
[2.695s] -- Installing: /home/mathew/ROS_files/Workspaces/minirys_sim_ws/install/minirys_sim_pkg/share/minirys_sim_pkg/cmake/minirys_sim_pkg__rosidl_typesupport_cppExport-noconfig.cmake
[2.695s] -- Up-to-date: /home/mathew/ROS_files/Workspaces/minirys_sim_ws/install/minirys_sim_pkg/share/minirys_sim_pkg/cmake/rosidl_cmake-extras.cmake
[2.696s] -- Up-to-date: /home/mathew/ROS_files/Workspaces/minirys_sim_ws/install/minirys_sim_pkg/share/minirys_sim_pkg/cmake/ament_cmake_export_dependencies-extras.cmake
[2.696s] -- Up-to-date: /home/mathew/ROS_files/Workspaces/minirys_sim_ws/install/minirys_sim_pkg/share/minirys_sim_pkg/cmake/ament_cmake_export_libraries-extras.cmake
[2.696s] -- Up-to-date: /home/mathew/ROS_files/Workspaces/minirys_sim_ws/install/minirys_sim_pkg/share/minirys_sim_pkg/cmake/ament_cmake_export_targets-extras.cmake
[2.696s] -- Up-to-date: /home/mathew/ROS_files/Workspaces/minirys_sim_ws/install/minirys_sim_pkg/share/minirys_sim_pkg/cmake/ament_cmake_export_include_directories-extras.cmake
[2.696s] -- Up-to-date: /home/mathew/ROS_files/Workspaces/minirys_sim_ws/install/minirys_sim_pkg/share/minirys_sim_pkg/cmake/rosidl_cmake_export_typesupport_libraries-extras.cmake
[2.696s] -- Up-to-date: /home/mathew/ROS_files/Workspaces/minirys_sim_ws/install/minirys_sim_pkg/share/minirys_sim_pkg/cmake/rosidl_cmake_export_typesupport_targets-extras.cmake
[2.696s] -- Up-to-date: /home/mathew/ROS_files/Workspaces/minirys_sim_ws/install/minirys_sim_pkg/share/minirys_sim_pkg/cmake/minirys_sim_pkgConfig.cmake
[2.696s] -- Up-to-date: /home/mathew/ROS_files/Workspaces/minirys_sim_ws/install/minirys_sim_pkg/share/minirys_sim_pkg/cmake/minirys_sim_pkgConfig-version.cmake
[2.696s] -- Up-to-date: /home/mathew/ROS_files/Workspaces/minirys_sim_ws/install/minirys_sim_pkg/share/minirys_sim_pkg/package.xml
[2.698s] Invoked command in '/home/mathew/ROS_files/Workspaces/minirys_sim_ws/build/minirys_sim_pkg' returned '0': CMAKE_PREFIX_PATH=${CMAKE_PREFIX_PATH}:/opt/ros/foxy /usr/bin/cmake --install /home/mathew/ROS_files/Workspaces/minirys_sim_ws/build/minirys_sim_pkg
