-- Found ament_cmake: 0.9.9 (/opt/ros/foxy/share/ament_cmake/cmake)
-- Found PythonInterp: /usr/bin/python3 (found suitable version "3.8.10", minimum required is "3") 
-- Using PYTHON_EXECUTABLE: /usr/bin/python3
-- Found rclpy: 1.0.8 (/opt/ros/foxy/share/rclpy/cmake)
-- Found rosidl_default_generators: 1.0.1 (/opt/ros/foxy/share/rosidl_default_generators/cmake)
-- Using all available rosidl_typesupport_c: rosidl_typesupport_fastrtps_c;rosidl_typesupport_introspection_c
-- Found rosidl_adapter: 1.2.1 (/opt/ros/foxy/share/rosidl_adapter/cmake)
-- Using all available rosidl_typesupport_cpp: rosidl_typesupport_fastrtps_cpp;rosidl_typesupport_introspection_cpp
-- Found PythonInterp: /usr/bin/python3 (found version "3.8.10") 
-- Found ament_cmake_ros: 0.9.2 (/opt/ros/foxy/share/ament_cmake_ros/cmake)
-- Using all available rosidl_typesupport_c: rosidl_typesupport_fastrtps_c;rosidl_typesupport_introspection_c
-- Using all available rosidl_typesupport_cpp: rosidl_typesupport_fastrtps_cpp;rosidl_typesupport_introspection_cpp
-- Found PythonInterp: /usr/bin/python3 (found suitable version "3.8.10", minimum required is "3.5") 
-- Found python_cmake_module: 0.8.1 (/opt/ros/foxy/share/python_cmake_module/cmake)
-- Using PYTHON_EXECUTABLE: /usr/bin/python3
-- Using PYTHON_INCLUDE_DIRS: /usr/include/python3.8
-- Using PYTHON_LIBRARIES: /usr/lib/x86_64-linux-gnu/libpython3.8.so
-- Found ament_lint_auto: 0.9.6 (/opt/ros/foxy/share/ament_lint_auto/cmake)
-- Added test 'copyright' to check source files copyright and LICENSE
-- Added test 'flake8' to check Python code syntax and style conventions
-- Added test 'lint_cmake' to check CMake code style
-- Added test 'pep257' to check Python code against some of the style conventions in PEP 257
-- Added test 'xmllint' to check XML markup files
-- Configuring done
-- Generating done
-- Build files have been written to: /home/mathew/ROS_files/Workspaces/minirys_sim_ws/build/minirys_sim_pkg
[  3%] [34m[1mGenerating C code for ROS interfaces[0m
[  6%] [34m[1mGenerating C++ code for ROS interfaces[0m
[35m[1mScanning dependencies of target minirys_sim_pkg__rosidl_generator_c[0m
[  6%] Built target minirys_sim_pkg__cpp
[  9%] [32mBuilding C object CMakeFiles/minirys_sim_pkg__rosidl_generator_c.dir/rosidl_generator_c/minirys_sim_pkg/msg/detail/orders__functions.c.o[0m
[ 19%] [34m[1mGenerating C++ type support dispatch for ROS interfaces[0m
[ 19%] [34m[1mGenerating C++ introspection for ROS interfaces[0m
[ 19%] [34m[1mGenerating C++ type support for eProsima Fast-RTPS[0m
[ 22%] [32m[1mLinking C shared library libminirys_sim_pkg__rosidl_generator_c.so[0m
[ 22%] Built target minirys_sim_pkg__rosidl_generator_c
[ 29%] [34m[1mGenerating C introspection for ROS interfaces[0m
[ 29%] [34m[1mGenerating C type support dispatch for ROS interfaces[0m
[35m[1mScanning dependencies of target minirys_sim_pkg__rosidl_typesupport_cpp[0m
[ 32%] [32mBuilding CXX object CMakeFiles/minirys_sim_pkg__rosidl_typesupport_cpp.dir/rosidl_typesupport_cpp/minirys_sim_pkg/msg/orders__type_support.cpp.o[0m
[35m[1mScanning dependencies of target minirys_sim_pkg__rosidl_typesupport_introspection_cpp[0m
[35m[1mScanning dependencies of target minirys_sim_pkg__rosidl_typesupport_fastrtps_cpp[0m
[ 35%] [32mBuilding CXX object CMakeFiles/minirys_sim_pkg__rosidl_typesupport_introspection_cpp.dir/rosidl_typesupport_introspection_cpp/minirys_sim_pkg/msg/detail/orders__type_support.cpp.o[0m
[ 38%] [32mBuilding CXX object CMakeFiles/minirys_sim_pkg__rosidl_typesupport_fastrtps_cpp.dir/rosidl_typesupport_fastrtps_cpp/minirys_sim_pkg/msg/detail/dds_fastrtps/orders__type_support.cpp.o[0m
[35m[1mScanning dependencies of target minirys_sim_pkg__rosidl_typesupport_c[0m
[ 41%] [32mBuilding CXX object CMakeFiles/minirys_sim_pkg__rosidl_typesupport_c.dir/rosidl_typesupport_c/minirys_sim_pkg/msg/orders__type_support.cpp.o[0m
[35m[1mScanning dependencies of target minirys_sim_pkg__rosidl_typesupport_introspection_c[0m
[ 45%] [32mBuilding C object CMakeFiles/minirys_sim_pkg__rosidl_typesupport_introspection_c.dir/rosidl_typesupport_introspection_c/minirys_sim_pkg/msg/detail/orders__type_support.c.o[0m
[ 48%] [32m[1mLinking CXX shared library libminirys_sim_pkg__rosidl_typesupport_c.so[0m
[ 51%] [32m[1mLinking C shared library libminirys_sim_pkg__rosidl_typesupport_introspection_c.so[0m
[ 51%] Built target minirys_sim_pkg__rosidl_typesupport_c
[ 51%] Built target minirys_sim_pkg__rosidl_typesupport_introspection_c
[ 54%] [32m[1mLinking CXX shared library libminirys_sim_pkg__rosidl_typesupport_cpp.so[0m
[ 58%] [32m[1mLinking CXX shared library libminirys_sim_pkg__rosidl_typesupport_introspection_cpp.so[0m
[ 58%] Built target minirys_sim_pkg__rosidl_typesupport_cpp
[ 58%] Built target minirys_sim_pkg__rosidl_typesupport_introspection_cpp
[ 61%] [32m[1mLinking CXX shared library libminirys_sim_pkg__rosidl_typesupport_fastrtps_cpp.so[0m
[ 61%] Built target minirys_sim_pkg__rosidl_typesupport_fastrtps_cpp
[ 64%] [34m[1mGenerating C type support for eProsima Fast-RTPS[0m
[35m[1mScanning dependencies of target minirys_sim_pkg__rosidl_typesupport_fastrtps_c[0m
[ 67%] [32mBuilding CXX object CMakeFiles/minirys_sim_pkg__rosidl_typesupport_fastrtps_c.dir/rosidl_typesupport_fastrtps_c/minirys_sim_pkg/msg/detail/orders__type_support_c.cpp.o[0m
[ 70%] [32m[1mLinking CXX shared library libminirys_sim_pkg__rosidl_typesupport_fastrtps_c.so[0m
[ 70%] Built target minirys_sim_pkg__rosidl_typesupport_fastrtps_c
[ 70%] Built target minirys_sim_pkg
[ 74%] [34m[1mGenerating Python code for ROS interfaces[0m
[ 74%] Built target minirys_sim_pkg__py
[35m[1mScanning dependencies of target minirys_sim_pkg__python[0m
[ 77%] [32mBuilding C object CMakeFiles/minirys_sim_pkg__python.dir/rosidl_generator_py/minirys_sim_pkg/msg/_orders_s.c.o[0m
[ 80%] [32m[1mLinking C shared library rosidl_generator_py/minirys_sim_pkg/libminirys_sim_pkg__python.so[0m
[ 80%] Built target minirys_sim_pkg__python
[35m[1mScanning dependencies of target minirys_sim_pkg__rosidl_typesupport_c__pyext[0m
[35m[1mScanning dependencies of target minirys_sim_pkg__rosidl_typesupport_introspection_c__pyext[0m
[35m[1mScanning dependencies of target minirys_sim_pkg__rosidl_typesupport_fastrtps_c__pyext[0m
[ 90%] [32mBuilding C object CMakeFiles/minirys_sim_pkg__rosidl_typesupport_fastrtps_c__pyext.dir/rosidl_generator_py/minirys_sim_pkg/_minirys_sim_pkg_s.ep.rosidl_typesupport_fastrtps_c.c.o[0m
[ 90%] [32mBuilding C object CMakeFiles/minirys_sim_pkg__rosidl_typesupport_c__pyext.dir/rosidl_generator_py/minirys_sim_pkg/_minirys_sim_pkg_s.ep.rosidl_typesupport_c.c.o[0m
[ 90%] [32mBuilding C object CMakeFiles/minirys_sim_pkg__rosidl_typesupport_introspection_c__pyext.dir/rosidl_generator_py/minirys_sim_pkg/_minirys_sim_pkg_s.ep.rosidl_typesupport_introspection_c.c.o[0m
[100%] [32m[1mLinking C shared library rosidl_generator_py/minirys_sim_pkg/minirys_sim_pkg_s__rosidl_typesupport_c.cpython-38-x86_64-linux-gnu.so[0m
[100%] [32m[1mLinking CXX shared library rosidl_generator_py/minirys_sim_pkg/minirys_sim_pkg_s__rosidl_typesupport_fastrtps_c.cpython-38-x86_64-linux-gnu.so[0m
[100%] [32m[1mLinking C shared library rosidl_generator_py/minirys_sim_pkg/minirys_sim_pkg_s__rosidl_typesupport_introspection_c.cpython-38-x86_64-linux-gnu.so[0m
[100%] Built target minirys_sim_pkg__rosidl_typesupport_introspection_c__pyext
[100%] Built target minirys_sim_pkg__rosidl_typesupport_c__pyext
[100%] Built target minirys_sim_pkg__rosidl_typesupport_fastrtps_c__pyext
-- Install configuration: ""
-- Up-to-date: /home/mathew/ROS_files/Workspaces/minirys_sim_ws/install/minirys_sim_pkg/share/ament_index/resource_index/rosidl_interfaces/minirys_sim_pkg
-- Up-to-date: /home/mathew/ROS_files/Workspaces/minirys_sim_ws/install/minirys_sim_pkg/include/minirys_sim_pkg
-- Up-to-date: /home/mathew/ROS_files/Workspaces/minirys_sim_ws/install/minirys_sim_pkg/include/minirys_sim_pkg/msg
-- Installing: /home/mathew/ROS_files/Workspaces/minirys_sim_ws/install/minirys_sim_pkg/include/minirys_sim_pkg/msg/orders.h
-- Up-to-date: /home/mathew/ROS_files/Workspaces/minirys_sim_ws/install/minirys_sim_pkg/include/minirys_sim_pkg/msg/rosidl_generator_c__visibility_control.h
-- Up-to-date: /home/mathew/ROS_files/Workspaces/minirys_sim_ws/install/minirys_sim_pkg/include/minirys_sim_pkg/msg/detail
-- Installing: /home/mathew/ROS_files/Workspaces/minirys_sim_ws/install/minirys_sim_pkg/include/minirys_sim_pkg/msg/detail/orders__struct.h
-- Installing: /home/mathew/ROS_files/Workspaces/minirys_sim_ws/install/minirys_sim_pkg/include/minirys_sim_pkg/msg/detail/orders__functions.h
-- Installing: /home/mathew/ROS_files/Workspaces/minirys_sim_ws/install/minirys_sim_pkg/include/minirys_sim_pkg/msg/detail/orders__type_support.h
-- Installing: /home/mathew/ROS_files/Workspaces/minirys_sim_ws/install/minirys_sim_pkg/include/minirys_sim_pkg/msg/detail/orders__functions.c
-- Up-to-date: /home/mathew/ROS_files/Workspaces/minirys_sim_ws/install/minirys_sim_pkg/share/minirys_sim_pkg/environment/library_path.sh
-- Installing: /home/mathew/ROS_files/Workspaces/minirys_sim_ws/install/minirys_sim_pkg/share/minirys_sim_pkg/environment/library_path.dsv
-- Installing: /home/mathew/ROS_files/Workspaces/minirys_sim_ws/install/minirys_sim_pkg/lib/libminirys_sim_pkg__rosidl_generator_c.so
-- Set runtime path of "/home/mathew/ROS_files/Workspaces/minirys_sim_ws/install/minirys_sim_pkg/lib/libminirys_sim_pkg__rosidl_generator_c.so" to ""
-- Up-to-date: /home/mathew/ROS_files/Workspaces/minirys_sim_ws/install/minirys_sim_pkg/include/minirys_sim_pkg
-- Up-to-date: /home/mathew/ROS_files/Workspaces/minirys_sim_ws/install/minirys_sim_pkg/include/minirys_sim_pkg/msg
-- Up-to-date: /home/mathew/ROS_files/Workspaces/minirys_sim_ws/install/minirys_sim_pkg/include/minirys_sim_pkg/msg/detail
-- Installing: /home/mathew/ROS_files/Workspaces/minirys_sim_ws/install/minirys_sim_pkg/include/minirys_sim_pkg/msg/detail/orders__rosidl_typesupport_fastrtps_c.h
-- Up-to-date: /home/mathew/ROS_files/Workspaces/minirys_sim_ws/install/minirys_sim_pkg/include/minirys_sim_pkg/msg/rosidl_typesupport_fastrtps_c__visibility_control.h
-- Installing: /home/mathew/ROS_files/Workspaces/minirys_sim_ws/install/minirys_sim_pkg/lib/libminirys_sim_pkg__rosidl_typesupport_fastrtps_c.so
-- Set runtime path of "/home/mathew/ROS_files/Workspaces/minirys_sim_ws/install/minirys_sim_pkg/lib/libminirys_sim_pkg__rosidl_typesupport_fastrtps_c.so" to ""
-- Up-to-date: /home/mathew/ROS_files/Workspaces/minirys_sim_ws/install/minirys_sim_pkg/include/minirys_sim_pkg
-- Up-to-date: /home/mathew/ROS_files/Workspaces/minirys_sim_ws/install/minirys_sim_pkg/include/minirys_sim_pkg/msg
-- Up-to-date: /home/mathew/ROS_files/Workspaces/minirys_sim_ws/install/minirys_sim_pkg/include/minirys_sim_pkg/msg/detail
-- Installing: /home/mathew/ROS_files/Workspaces/minirys_sim_ws/install/minirys_sim_pkg/include/minirys_sim_pkg/msg/detail/orders__rosidl_typesupport_fastrtps_cpp.hpp
-- Up-to-date: /home/mathew/ROS_files/Workspaces/minirys_sim_ws/install/minirys_sim_pkg/include/minirys_sim_pkg/msg/detail/dds_fastrtps
-- Up-to-date: /home/mathew/ROS_files/Workspaces/minirys_sim_ws/install/minirys_sim_pkg/include/minirys_sim_pkg/msg/rosidl_typesupport_fastrtps_cpp__visibility_control.h
-- Installing: /home/mathew/ROS_files/Workspaces/minirys_sim_ws/install/minirys_sim_pkg/lib/libminirys_sim_pkg__rosidl_typesupport_fastrtps_cpp.so
-- Set runtime path of "/home/mathew/ROS_files/Workspaces/minirys_sim_ws/install/minirys_sim_pkg/lib/libminirys_sim_pkg__rosidl_typesupport_fastrtps_cpp.so" to ""
-- Up-to-date: /home/mathew/ROS_files/Workspaces/minirys_sim_ws/install/minirys_sim_pkg/include/minirys_sim_pkg
-- Up-to-date: /home/mathew/ROS_files/Workspaces/minirys_sim_ws/install/minirys_sim_pkg/include/minirys_sim_pkg/msg
-- Up-to-date: /home/mathew/ROS_files/Workspaces/minirys_sim_ws/install/minirys_sim_pkg/include/minirys_sim_pkg/msg/detail
-- Installing: /home/mathew/ROS_files/Workspaces/minirys_sim_ws/install/minirys_sim_pkg/include/minirys_sim_pkg/msg/detail/orders__rosidl_typesupport_introspection_c.h
-- Installing: /home/mathew/ROS_files/Workspaces/minirys_sim_ws/install/minirys_sim_pkg/include/minirys_sim_pkg/msg/detail/orders__type_support.c
-- Up-to-date: /home/mathew/ROS_files/Workspaces/minirys_sim_ws/install/minirys_sim_pkg/include/minirys_sim_pkg/msg/rosidl_typesupport_introspection_c__visibility_control.h
-- Installing: /home/mathew/ROS_files/Workspaces/minirys_sim_ws/install/minirys_sim_pkg/lib/libminirys_sim_pkg__rosidl_typesupport_introspection_c.so
-- Set runtime path of "/home/mathew/ROS_files/Workspaces/minirys_sim_ws/install/minirys_sim_pkg/lib/libminirys_sim_pkg__rosidl_typesupport_introspection_c.so" to ""
-- Installing: /home/mathew/ROS_files/Workspaces/minirys_sim_ws/install/minirys_sim_pkg/lib/libminirys_sim_pkg__rosidl_typesupport_c.so
-- Set runtime path of "/home/mathew/ROS_files/Workspaces/minirys_sim_ws/install/minirys_sim_pkg/lib/libminirys_sim_pkg__rosidl_typesupport_c.so" to ""
-- Up-to-date: /home/mathew/ROS_files/Workspaces/minirys_sim_ws/install/minirys_sim_pkg/include/minirys_sim_pkg
-- Up-to-date: /home/mathew/ROS_files/Workspaces/minirys_sim_ws/install/minirys_sim_pkg/include/minirys_sim_pkg/msg
-- Up-to-date: /home/mathew/ROS_files/Workspaces/minirys_sim_ws/install/minirys_sim_pkg/include/minirys_sim_pkg/msg/detail
-- Installing: /home/mathew/ROS_files/Workspaces/minirys_sim_ws/install/minirys_sim_pkg/include/minirys_sim_pkg/msg/detail/orders__builder.hpp
-- Installing: /home/mathew/ROS_files/Workspaces/minirys_sim_ws/install/minirys_sim_pkg/include/minirys_sim_pkg/msg/detail/orders__traits.hpp
-- Installing: /home/mathew/ROS_files/Workspaces/minirys_sim_ws/install/minirys_sim_pkg/include/minirys_sim_pkg/msg/detail/orders__struct.hpp
-- Installing: /home/mathew/ROS_files/Workspaces/minirys_sim_ws/install/minirys_sim_pkg/include/minirys_sim_pkg/msg/orders.hpp
-- Up-to-date: /home/mathew/ROS_files/Workspaces/minirys_sim_ws/install/minirys_sim_pkg/include/minirys_sim_pkg
-- Up-to-date: /home/mathew/ROS_files/Workspaces/minirys_sim_ws/install/minirys_sim_pkg/include/minirys_sim_pkg/msg
-- Up-to-date: /home/mathew/ROS_files/Workspaces/minirys_sim_ws/install/minirys_sim_pkg/include/minirys_sim_pkg/msg/detail
-- Installing: /home/mathew/ROS_files/Workspaces/minirys_sim_ws/install/minirys_sim_pkg/include/minirys_sim_pkg/msg/detail/orders__rosidl_typesupport_introspection_cpp.hpp
-- Installing: /home/mathew/ROS_files/Workspaces/minirys_sim_ws/install/minirys_sim_pkg/include/minirys_sim_pkg/msg/detail/orders__type_support.cpp
-- Installing: /home/mathew/ROS_files/Workspaces/minirys_sim_ws/install/minirys_sim_pkg/lib/libminirys_sim_pkg__rosidl_typesupport_introspection_cpp.so
-- Set runtime path of "/home/mathew/ROS_files/Workspaces/minirys_sim_ws/install/minirys_sim_pkg/lib/libminirys_sim_pkg__rosidl_typesupport_introspection_cpp.so" to ""
-- Installing: /home/mathew/ROS_files/Workspaces/minirys_sim_ws/install/minirys_sim_pkg/lib/libminirys_sim_pkg__rosidl_typesupport_cpp.so
-- Set runtime path of "/home/mathew/ROS_files/Workspaces/minirys_sim_ws/install/minirys_sim_pkg/lib/libminirys_sim_pkg__rosidl_typesupport_cpp.so" to ""
-- Up-to-date: /home/mathew/ROS_files/Workspaces/minirys_sim_ws/install/minirys_sim_pkg/share/minirys_sim_pkg/environment/pythonpath.sh
-- Installing: /home/mathew/ROS_files/Workspaces/minirys_sim_ws/install/minirys_sim_pkg/share/minirys_sim_pkg/environment/pythonpath.dsv
-- Installing: /home/mathew/ROS_files/Workspaces/minirys_sim_ws/install/minirys_sim_pkg/lib/python3.8/site-packages/minirys_sim_pkg/__init__.py
Compiling '/home/mathew/ROS_files/Workspaces/minirys_sim_ws/install/minirys_sim_pkg/lib/python3.8/site-packages/minirys_sim_pkg/__init__.py'...
-- Up-to-date: /home/mathew/ROS_files/Workspaces/minirys_sim_ws/install/minirys_sim_pkg/lib/python3.8/site-packages/minirys_sim_pkg/msg
-- Installing: /home/mathew/ROS_files/Workspaces/minirys_sim_ws/install/minirys_sim_pkg/lib/python3.8/site-packages/minirys_sim_pkg/msg/__init__.py
-- Installing: /home/mathew/ROS_files/Workspaces/minirys_sim_ws/install/minirys_sim_pkg/lib/python3.8/site-packages/minirys_sim_pkg/msg/_orders_s.c
-- Installing: /home/mathew/ROS_files/Workspaces/minirys_sim_ws/install/minirys_sim_pkg/lib/python3.8/site-packages/minirys_sim_pkg/msg/_orders.py
-- Installing: /home/mathew/ROS_files/Workspaces/minirys_sim_ws/install/minirys_sim_pkg/lib/python3.8/site-packages/minirys_sim_pkg/minirys_sim_pkg_s__rosidl_typesupport_fastrtps_c.cpython-38-x86_64-linux-gnu.so
-- Set runtime path of "/home/mathew/ROS_files/Workspaces/minirys_sim_ws/install/minirys_sim_pkg/lib/python3.8/site-packages/minirys_sim_pkg/minirys_sim_pkg_s__rosidl_typesupport_fastrtps_c.cpython-38-x86_64-linux-gnu.so" to ""
-- Installing: /home/mathew/ROS_files/Workspaces/minirys_sim_ws/install/minirys_sim_pkg/lib/python3.8/site-packages/minirys_sim_pkg/minirys_sim_pkg_s__rosidl_typesupport_introspection_c.cpython-38-x86_64-linux-gnu.so
-- Set runtime path of "/home/mathew/ROS_files/Workspaces/minirys_sim_ws/install/minirys_sim_pkg/lib/python3.8/site-packages/minirys_sim_pkg/minirys_sim_pkg_s__rosidl_typesupport_introspection_c.cpython-38-x86_64-linux-gnu.so" to ""
-- Installing: /home/mathew/ROS_files/Workspaces/minirys_sim_ws/install/minirys_sim_pkg/lib/python3.8/site-packages/minirys_sim_pkg/minirys_sim_pkg_s__rosidl_typesupport_c.cpython-38-x86_64-linux-gnu.so
-- Set runtime path of "/home/mathew/ROS_files/Workspaces/minirys_sim_ws/install/minirys_sim_pkg/lib/python3.8/site-packages/minirys_sim_pkg/minirys_sim_pkg_s__rosidl_typesupport_c.cpython-38-x86_64-linux-gnu.so" to ""
-- Installing: /home/mathew/ROS_files/Workspaces/minirys_sim_ws/install/minirys_sim_pkg/lib/libminirys_sim_pkg__python.so
-- Set runtime path of "/home/mathew/ROS_files/Workspaces/minirys_sim_ws/install/minirys_sim_pkg/lib/libminirys_sim_pkg__python.so" to ""
-- Installing: /home/mathew/ROS_files/Workspaces/minirys_sim_ws/install/minirys_sim_pkg/share/minirys_sim_pkg/msg/Orders.idl
-- Installing: /home/mathew/ROS_files/Workspaces/minirys_sim_ws/install/minirys_sim_pkg/share/minirys_sim_pkg/msg/Orders.msg
-- Up-to-date: /home/mathew/ROS_files/Workspaces/minirys_sim_ws/install/minirys_sim_pkg/lib/python3.8/site-packages/scripts/
-- Up-to-date: /home/mathew/ROS_files/Workspaces/minirys_sim_ws/install/minirys_sim_pkg/lib/python3.8/site-packages/scripts//__init__.py
-- Installing: /home/mathew/ROS_files/Workspaces/minirys_sim_ws/install/minirys_sim_pkg/lib/python3.8/site-packages/scripts//cmd_pub_test.py
-- Up-to-date: /home/mathew/ROS_files/Workspaces/minirys_sim_ws/install/minirys_sim_pkg/lib/python3.8/site-packages/scripts//odm_sub.py
-- Up-to-date: /home/mathew/ROS_files/Workspaces/minirys_sim_ws/install/minirys_sim_pkg/lib/python3.8/site-packages/scripts//PID_publisher.py
Listing '/home/mathew/ROS_files/Workspaces/minirys_sim_ws/install/minirys_sim_pkg/lib/python3.8/site-packages/scripts/'...
Compiling '/home/mathew/ROS_files/Workspaces/minirys_sim_ws/install/minirys_sim_pkg/lib/python3.8/site-packages/scripts/cmd_pub_test.py'...
-- Installing: /home/mathew/ROS_files/Workspaces/minirys_sim_ws/install/minirys_sim_pkg/lib/minirys_sim_pkg/cmd_pub_test.py
-- Up-to-date: /home/mathew/ROS_files/Workspaces/minirys_sim_ws/install/minirys_sim_pkg/lib/minirys_sim_pkg/odm_sub.py
-- Up-to-date: /home/mathew/ROS_files/Workspaces/minirys_sim_ws/install/minirys_sim_pkg/share/ament_index/resource_index/package_run_dependencies/minirys_sim_pkg
-- Installing: /home/mathew/ROS_files/Workspaces/minirys_sim_ws/install/minirys_sim_pkg/share/ament_index/resource_index/parent_prefix_path/minirys_sim_pkg
-- Up-to-date: /home/mathew/ROS_files/Workspaces/minirys_sim_ws/install/minirys_sim_pkg/share/minirys_sim_pkg/environment/ament_prefix_path.sh
-- Installing: /home/mathew/ROS_files/Workspaces/minirys_sim_ws/install/minirys_sim_pkg/share/minirys_sim_pkg/environment/ament_prefix_path.dsv
-- Up-to-date: /home/mathew/ROS_files/Workspaces/minirys_sim_ws/install/minirys_sim_pkg/share/minirys_sim_pkg/environment/path.sh
-- Installing: /home/mathew/ROS_files/Workspaces/minirys_sim_ws/install/minirys_sim_pkg/share/minirys_sim_pkg/environment/path.dsv
-- Up-to-date: /home/mathew/ROS_files/Workspaces/minirys_sim_ws/install/minirys_sim_pkg/share/minirys_sim_pkg/local_setup.bash
-- Up-to-date: /home/mathew/ROS_files/Workspaces/minirys_sim_ws/install/minirys_sim_pkg/share/minirys_sim_pkg/local_setup.sh
-- Up-to-date: /home/mathew/ROS_files/Workspaces/minirys_sim_ws/install/minirys_sim_pkg/share/minirys_sim_pkg/local_setup.zsh
-- Installing: /home/mathew/ROS_files/Workspaces/minirys_sim_ws/install/minirys_sim_pkg/share/minirys_sim_pkg/local_setup.dsv
-- Installing: /home/mathew/ROS_files/Workspaces/minirys_sim_ws/install/minirys_sim_pkg/share/minirys_sim_pkg/package.dsv
-- Up-to-date: /home/mathew/ROS_files/Workspaces/minirys_sim_ws/install/minirys_sim_pkg/share/ament_index/resource_index/packages/minirys_sim_pkg
-- Up-to-date: /home/mathew/ROS_files/Workspaces/minirys_sim_ws/install/minirys_sim_pkg/share/minirys_sim_pkg/cmake/minirys_sim_pkg__rosidl_generator_cExport.cmake
-- Installing: /home/mathew/ROS_files/Workspaces/minirys_sim_ws/install/minirys_sim_pkg/share/minirys_sim_pkg/cmake/minirys_sim_pkg__rosidl_generator_cExport-noconfig.cmake
-- Up-to-date: /home/mathew/ROS_files/Workspaces/minirys_sim_ws/install/minirys_sim_pkg/share/minirys_sim_pkg/cmake/minirys_sim_pkg__rosidl_typesupport_introspection_cExport.cmake
-- Installing: /home/mathew/ROS_files/Workspaces/minirys_sim_ws/install/minirys_sim_pkg/share/minirys_sim_pkg/cmake/minirys_sim_pkg__rosidl_typesupport_introspection_cExport-noconfig.cmake
-- Up-to-date: /home/mathew/ROS_files/Workspaces/minirys_sim_ws/install/minirys_sim_pkg/share/minirys_sim_pkg/cmake/minirys_sim_pkg__rosidl_typesupport_cExport.cmake
-- Installing: /home/mathew/ROS_files/Workspaces/minirys_sim_ws/install/minirys_sim_pkg/share/minirys_sim_pkg/cmake/minirys_sim_pkg__rosidl_typesupport_cExport-noconfig.cmake
-- Up-to-date: /home/mathew/ROS_files/Workspaces/minirys_sim_ws/install/minirys_sim_pkg/share/minirys_sim_pkg/cmake/minirys_sim_pkg__rosidl_generator_cppExport.cmake
-- Up-to-date: /home/mathew/ROS_files/Workspaces/minirys_sim_ws/install/minirys_sim_pkg/share/minirys_sim_pkg/cmake/minirys_sim_pkg__rosidl_typesupport_introspection_cppExport.cmake
-- Installing: /home/mathew/ROS_files/Workspaces/minirys_sim_ws/install/minirys_sim_pkg/share/minirys_sim_pkg/cmake/minirys_sim_pkg__rosidl_typesupport_introspection_cppExport-noconfig.cmake
-- Up-to-date: /home/mathew/ROS_files/Workspaces/minirys_sim_ws/install/minirys_sim_pkg/share/minirys_sim_pkg/cmake/minirys_sim_pkg__rosidl_typesupport_cppExport.cmake
-- Installing: /home/mathew/ROS_files/Workspaces/minirys_sim_ws/install/minirys_sim_pkg/share/minirys_sim_pkg/cmake/minirys_sim_pkg__rosidl_typesupport_cppExport-noconfig.cmake
-- Up-to-date: /home/mathew/ROS_files/Workspaces/minirys_sim_ws/install/minirys_sim_pkg/share/minirys_sim_pkg/cmake/rosidl_cmake-extras.cmake
-- Up-to-date: /home/mathew/ROS_files/Workspaces/minirys_sim_ws/install/minirys_sim_pkg/share/minirys_sim_pkg/cmake/ament_cmake_export_dependencies-extras.cmake
-- Up-to-date: /home/mathew/ROS_files/Workspaces/minirys_sim_ws/install/minirys_sim_pkg/share/minirys_sim_pkg/cmake/ament_cmake_export_libraries-extras.cmake
-- Up-to-date: /home/mathew/ROS_files/Workspaces/minirys_sim_ws/install/minirys_sim_pkg/share/minirys_sim_pkg/cmake/ament_cmake_export_targets-extras.cmake
-- Up-to-date: /home/mathew/ROS_files/Workspaces/minirys_sim_ws/install/minirys_sim_pkg/share/minirys_sim_pkg/cmake/ament_cmake_export_include_directories-extras.cmake
-- Up-to-date: /home/mathew/ROS_files/Workspaces/minirys_sim_ws/install/minirys_sim_pkg/share/minirys_sim_pkg/cmake/rosidl_cmake_export_typesupport_libraries-extras.cmake
-- Up-to-date: /home/mathew/ROS_files/Workspaces/minirys_sim_ws/install/minirys_sim_pkg/share/minirys_sim_pkg/cmake/rosidl_cmake_export_typesupport_targets-extras.cmake
-- Up-to-date: /home/mathew/ROS_files/Workspaces/minirys_sim_ws/install/minirys_sim_pkg/share/minirys_sim_pkg/cmake/minirys_sim_pkgConfig.cmake
-- Up-to-date: /home/mathew/ROS_files/Workspaces/minirys_sim_ws/install/minirys_sim_pkg/share/minirys_sim_pkg/cmake/minirys_sim_pkgConfig-version.cmake
-- Up-to-date: /home/mathew/ROS_files/Workspaces/minirys_sim_ws/install/minirys_sim_pkg/share/minirys_sim_pkg/package.xml
