[0.009s] Invoking command in '/home/mathew/ROS_files/Workspaces/minirys_sim_ws/build/minirys_sim_pkg': CMAKE_PREFIX_PATH=/opt/ros/foxy /usr/bin/cmake --build /home/mathew/ROS_files/Workspaces/minirys_sim_ws/build/minirys_sim_pkg -- -j16 -l16
[0.026s] -- Found ament_cmake: 0.9.9 (/opt/ros/foxy/share/ament_cmake/cmake)
[0.040s] -- Found PythonInterp: /usr/bin/python3 (found suitable version "3.8.10", minimum required is "3") 
[0.040s] -- Using PYTHON_EXECUTABLE: /usr/bin/python3
[0.162s] -- Found rclpy: 1.0.8 (/opt/ros/foxy/share/rclpy/cmake)
[0.162s] -- Found rosidl_default_generators: 1.0.1 (/opt/ros/foxy/share/rosidl_default_generators/cmake)
[0.163s] -- Using all available rosidl_typesupport_c: rosidl_typesupport_fastrtps_c;rosidl_typesupport_introspection_c
[0.166s] -- Found rosidl_adapter: 1.2.1 (/opt/ros/foxy/share/rosidl_adapter/cmake)
[0.258s] -- Using all available rosidl_typesupport_cpp: rosidl_typesupport_fastrtps_cpp;rosidl_typesupport_introspection_cpp
[0.289s] -- Found PythonInterp: /usr/bin/python3 (found version "3.8.10") 
[0.366s] -- Found ament_cmake_ros: 0.9.2 (/opt/ros/foxy/share/ament_cmake_ros/cmake)
[0.428s] -- Using all available rosidl_typesupport_c: rosidl_typesupport_fastrtps_c;rosidl_typesupport_introspection_c
[0.432s] -- Using all available rosidl_typesupport_cpp: rosidl_typesupport_fastrtps_cpp;rosidl_typesupport_introspection_cpp
[0.448s] -- Found PythonInterp: /usr/bin/python3 (found suitable version "3.8.10", minimum required is "3.5") 
[0.448s] -- Found python_cmake_module: 0.8.1 (/opt/ros/foxy/share/python_cmake_module/cmake)
[0.463s] -- Using PYTHON_EXECUTABLE: /usr/bin/python3
[0.463s] -- Using PYTHON_INCLUDE_DIRS: /usr/include/python3.8
[0.463s] -- Using PYTHON_LIBRARIES: /usr/lib/x86_64-linux-gnu/libpython3.8.so
[0.472s] -- Found ament_lint_auto: 0.9.6 (/opt/ros/foxy/share/ament_lint_auto/cmake)
[0.479s] -- Added test 'copyright' to check source files copyright and LICENSE
[0.481s] -- Added test 'flake8' to check Python code syntax and style conventions
[0.481s] -- Added test 'lint_cmake' to check CMake code style
[0.482s] -- Added test 'pep257' to check Python code against some of the style conventions in PEP 257
[0.482s] -- Added test 'xmllint' to check XML markup files
[0.485s] -- Configuring done
[0.503s] -- Generating done
[0.505s] -- Build files have been written to: /home/mathew/ROS_files/Workspaces/minirys_sim_ws/build/minirys_sim_pkg
[0.521s] [  3%] [34m[1mGenerating C code for ROS interfaces[0m
[0.527s] [  6%] [34m[1mGenerating C++ code for ROS interfaces[0m
[0.670s] [35m[1mScanning dependencies of target minirys_sim_pkg__rosidl_generator_c[0m
[0.674s] [  6%] Built target minirys_sim_pkg__cpp
[0.676s] [  9%] [32mBuilding C object CMakeFiles/minirys_sim_pkg__rosidl_generator_c.dir/rosidl_generator_c/minirys_sim_pkg/msg/detail/orders__functions.c.o[0m
[0.680s] [ 19%] [34m[1mGenerating C++ type support dispatch for ROS interfaces[0m
[0.681s] [ 19%] [34m[1mGenerating C++ introspection for ROS interfaces[0m
[0.681s] [ 19%] [34m[1mGenerating C++ type support for eProsima Fast-RTPS[0m
[0.702s] [ 22%] [32m[1mLinking C shared library libminirys_sim_pkg__rosidl_generator_c.so[0m
[0.727s] [ 22%] Built target minirys_sim_pkg__rosidl_generator_c
[0.734s] [ 29%] [34m[1mGenerating C introspection for ROS interfaces[0m
[0.734s] [ 29%] [34m[1mGenerating C type support dispatch for ROS interfaces[0m
[0.813s] [35m[1mScanning dependencies of target minirys_sim_pkg__rosidl_typesupport_cpp[0m
[0.821s] [ 32%] [32mBuilding CXX object CMakeFiles/minirys_sim_pkg__rosidl_typesupport_cpp.dir/rosidl_typesupport_cpp/minirys_sim_pkg/msg/orders__type_support.cpp.o[0m
[0.824s] [35m[1mScanning dependencies of target minirys_sim_pkg__rosidl_typesupport_introspection_cpp[0m
[0.828s] [35m[1mScanning dependencies of target minirys_sim_pkg__rosidl_typesupport_fastrtps_cpp[0m
[0.832s] [ 35%] [32mBuilding CXX object CMakeFiles/minirys_sim_pkg__rosidl_typesupport_introspection_cpp.dir/rosidl_typesupport_introspection_cpp/minirys_sim_pkg/msg/detail/orders__type_support.cpp.o[0m
[0.835s] [ 38%] [32mBuilding CXX object CMakeFiles/minirys_sim_pkg__rosidl_typesupport_fastrtps_cpp.dir/rosidl_typesupport_fastrtps_cpp/minirys_sim_pkg/msg/detail/dds_fastrtps/orders__type_support.cpp.o[0m
[0.864s] [35m[1mScanning dependencies of target minirys_sim_pkg__rosidl_typesupport_c[0m
[0.872s] [ 41%] [32mBuilding CXX object CMakeFiles/minirys_sim_pkg__rosidl_typesupport_c.dir/rosidl_typesupport_c/minirys_sim_pkg/msg/orders__type_support.cpp.o[0m
[0.881s] [35m[1mScanning dependencies of target minirys_sim_pkg__rosidl_typesupport_introspection_c[0m
[0.889s] [ 45%] [32mBuilding C object CMakeFiles/minirys_sim_pkg__rosidl_typesupport_introspection_c.dir/rosidl_typesupport_introspection_c/minirys_sim_pkg/msg/detail/orders__type_support.c.o[0m
[0.893s] [ 48%] [32m[1mLinking CXX shared library libminirys_sim_pkg__rosidl_typesupport_c.so[0m
[0.911s] [ 51%] [32m[1mLinking C shared library libminirys_sim_pkg__rosidl_typesupport_introspection_c.so[0m
[0.918s] [ 51%] Built target minirys_sim_pkg__rosidl_typesupport_c
[0.931s] [ 51%] Built target minirys_sim_pkg__rosidl_typesupport_introspection_c
[1.016s] [ 54%] [32m[1mLinking CXX shared library libminirys_sim_pkg__rosidl_typesupport_cpp.so[0m
[1.025s] [ 58%] [32m[1mLinking CXX shared library libminirys_sim_pkg__rosidl_typesupport_introspection_cpp.so[0m
[1.043s] [ 58%] Built target minirys_sim_pkg__rosidl_typesupport_cpp
[1.051s] [ 58%] Built target minirys_sim_pkg__rosidl_typesupport_introspection_cpp
[1.121s] [ 61%] [32m[1mLinking CXX shared library libminirys_sim_pkg__rosidl_typesupport_fastrtps_cpp.so[0m
[1.172s] [ 61%] Built target minirys_sim_pkg__rosidl_typesupport_fastrtps_cpp
[1.179s] [ 64%] [34m[1mGenerating C type support for eProsima Fast-RTPS[0m
[1.321s] [35m[1mScanning dependencies of target minirys_sim_pkg__rosidl_typesupport_fastrtps_c[0m
[1.329s] [ 67%] [32mBuilding CXX object CMakeFiles/minirys_sim_pkg__rosidl_typesupport_fastrtps_c.dir/rosidl_typesupport_fastrtps_c/minirys_sim_pkg/msg/detail/orders__type_support_c.cpp.o[0m
[1.569s] [ 70%] [32m[1mLinking CXX shared library libminirys_sim_pkg__rosidl_typesupport_fastrtps_c.so[0m
[1.620s] [ 70%] Built target minirys_sim_pkg__rosidl_typesupport_fastrtps_c
[1.633s] [ 70%] Built target minirys_sim_pkg
[1.645s] [ 74%] [34m[1mGenerating Python code for ROS interfaces[0m
[1.894s] [ 74%] Built target minirys_sim_pkg__py
[1.901s] [35m[1mScanning dependencies of target minirys_sim_pkg__python[0m
[1.909s] [ 77%] [32mBuilding C object CMakeFiles/minirys_sim_pkg__python.dir/rosidl_generator_py/minirys_sim_pkg/msg/_orders_s.c.o[0m
[1.966s] [ 80%] [32m[1mLinking C shared library rosidl_generator_py/minirys_sim_pkg/libminirys_sim_pkg__python.so[0m
[1.991s] [ 80%] Built target minirys_sim_pkg__python
[1.998s] [35m[1mScanning dependencies of target minirys_sim_pkg__rosidl_typesupport_c__pyext[0m
[1.998s] [35m[1mScanning dependencies of target minirys_sim_pkg__rosidl_typesupport_introspection_c__pyext[0m
[1.998s] [35m[1mScanning dependencies of target minirys_sim_pkg__rosidl_typesupport_fastrtps_c__pyext[0m
[2.007s] [ 90%] [32mBuilding C object CMakeFiles/minirys_sim_pkg__rosidl_typesupport_fastrtps_c__pyext.dir/rosidl_generator_py/minirys_sim_pkg/_minirys_sim_pkg_s.ep.rosidl_typesupport_fastrtps_c.c.o[0m
[2.007s] [ 90%] [32mBuilding C object CMakeFiles/minirys_sim_pkg__rosidl_typesupport_c__pyext.dir/rosidl_generator_py/minirys_sim_pkg/_minirys_sim_pkg_s.ep.rosidl_typesupport_c.c.o[0m
[2.007s] [ 90%] [32mBuilding C object CMakeFiles/minirys_sim_pkg__rosidl_typesupport_introspection_c__pyext.dir/rosidl_generator_py/minirys_sim_pkg/_minirys_sim_pkg_s.ep.rosidl_typesupport_introspection_c.c.o[0m
[2.059s] [100%] [32m[1mLinking C shared library rosidl_generator_py/minirys_sim_pkg/minirys_sim_pkg_s__rosidl_typesupport_c.cpython-38-x86_64-linux-gnu.so[0m
[2.059s] [100%] [32m[1mLinking CXX shared library rosidl_generator_py/minirys_sim_pkg/minirys_sim_pkg_s__rosidl_typesupport_fastrtps_c.cpython-38-x86_64-linux-gnu.so[0m
[2.059s] [100%] [32m[1mLinking C shared library rosidl_generator_py/minirys_sim_pkg/minirys_sim_pkg_s__rosidl_typesupport_introspection_c.cpython-38-x86_64-linux-gnu.so[0m
[2.081s] [100%] Built target minirys_sim_pkg__rosidl_typesupport_introspection_c__pyext
[2.081s] [100%] Built target minirys_sim_pkg__rosidl_typesupport_c__pyext
[2.100s] [100%] Built target minirys_sim_pkg__rosidl_typesupport_fastrtps_c__pyext
[2.107s] Invoked command in '/home/mathew/ROS_files/Workspaces/minirys_sim_ws/build/minirys_sim_pkg' returned '0': CMAKE_PREFIX_PATH=/opt/ros/foxy /usr/bin/cmake --build /home/mathew/ROS_files/Workspaces/minirys_sim_ws/build/minirys_sim_pkg -- -j16 -l16
[2.142s] Invoking command in '/home/mathew/ROS_files/Workspaces/minirys_sim_ws/build/minirys_sim_pkg': CMAKE_PREFIX_PATH=/opt/ros/foxy /usr/bin/cmake --install /home/mathew/ROS_files/Workspaces/minirys_sim_ws/build/minirys_sim_pkg
[2.147s] -- Install configuration: ""
[2.147s] -- Up-to-date: /home/mathew/ROS_files/Workspaces/minirys_sim_ws/install/minirys_sim_pkg/share/ament_index/resource_index/rosidl_interfaces/minirys_sim_pkg
[2.147s] -- Up-to-date: /home/mathew/ROS_files/Workspaces/minirys_sim_ws/install/minirys_sim_pkg/include/minirys_sim_pkg
[2.148s] -- Up-to-date: /home/mathew/ROS_files/Workspaces/minirys_sim_ws/install/minirys_sim_pkg/include/minirys_sim_pkg/msg
[2.148s] -- Installing: /home/mathew/ROS_files/Workspaces/minirys_sim_ws/install/minirys_sim_pkg/include/minirys_sim_pkg/msg/orders.h
[2.148s] -- Up-to-date: /home/mathew/ROS_files/Workspaces/minirys_sim_ws/install/minirys_sim_pkg/include/minirys_sim_pkg/msg/rosidl_generator_c__visibility_control.h
[2.148s] -- Up-to-date: /home/mathew/ROS_files/Workspaces/minirys_sim_ws/install/minirys_sim_pkg/include/minirys_sim_pkg/msg/detail
[2.148s] -- Installing: /home/mathew/ROS_files/Workspaces/minirys_sim_ws/install/minirys_sim_pkg/include/minirys_sim_pkg/msg/detail/orders__struct.h
[2.148s] -- Installing: /home/mathew/ROS_files/Workspaces/minirys_sim_ws/install/minirys_sim_pkg/include/minirys_sim_pkg/msg/detail/orders__functions.h
[2.148s] -- Installing: /home/mathew/ROS_files/Workspaces/minirys_sim_ws/install/minirys_sim_pkg/include/minirys_sim_pkg/msg/detail/orders__type_support.h
[2.148s] -- Installing: /home/mathew/ROS_files/Workspaces/minirys_sim_ws/install/minirys_sim_pkg/include/minirys_sim_pkg/msg/detail/orders__functions.c
[2.148s] -- Up-to-date: /home/mathew/ROS_files/Workspaces/minirys_sim_ws/install/minirys_sim_pkg/share/minirys_sim_pkg/environment/library_path.sh
[2.148s] -- Installing: /home/mathew/ROS_files/Workspaces/minirys_sim_ws/install/minirys_sim_pkg/share/minirys_sim_pkg/environment/library_path.dsv
[2.148s] -- Installing: /home/mathew/ROS_files/Workspaces/minirys_sim_ws/install/minirys_sim_pkg/lib/libminirys_sim_pkg__rosidl_generator_c.so
[2.148s] -- Set runtime path of "/home/mathew/ROS_files/Workspaces/minirys_sim_ws/install/minirys_sim_pkg/lib/libminirys_sim_pkg__rosidl_generator_c.so" to ""
[2.148s] -- Up-to-date: /home/mathew/ROS_files/Workspaces/minirys_sim_ws/install/minirys_sim_pkg/include/minirys_sim_pkg
[2.148s] -- Up-to-date: /home/mathew/ROS_files/Workspaces/minirys_sim_ws/install/minirys_sim_pkg/include/minirys_sim_pkg/msg
[2.148s] -- Up-to-date: /home/mathew/ROS_files/Workspaces/minirys_sim_ws/install/minirys_sim_pkg/include/minirys_sim_pkg/msg/detail
[2.148s] -- Installing: /home/mathew/ROS_files/Workspaces/minirys_sim_ws/install/minirys_sim_pkg/include/minirys_sim_pkg/msg/detail/orders__rosidl_typesupport_fastrtps_c.h
[2.149s] -- Up-to-date: /home/mathew/ROS_files/Workspaces/minirys_sim_ws/install/minirys_sim_pkg/include/minirys_sim_pkg/msg/rosidl_typesupport_fastrtps_c__visibility_control.h
[2.149s] -- Installing: /home/mathew/ROS_files/Workspaces/minirys_sim_ws/install/minirys_sim_pkg/lib/libminirys_sim_pkg__rosidl_typesupport_fastrtps_c.so
[2.149s] -- Set runtime path of "/home/mathew/ROS_files/Workspaces/minirys_sim_ws/install/minirys_sim_pkg/lib/libminirys_sim_pkg__rosidl_typesupport_fastrtps_c.so" to ""
[2.149s] -- Up-to-date: /home/mathew/ROS_files/Workspaces/minirys_sim_ws/install/minirys_sim_pkg/include/minirys_sim_pkg
[2.149s] -- Up-to-date: /home/mathew/ROS_files/Workspaces/minirys_sim_ws/install/minirys_sim_pkg/include/minirys_sim_pkg/msg
[2.149s] -- Up-to-date: /home/mathew/ROS_files/Workspaces/minirys_sim_ws/install/minirys_sim_pkg/include/minirys_sim_pkg/msg/detail
[2.149s] -- Installing: /home/mathew/ROS_files/Workspaces/minirys_sim_ws/install/minirys_sim_pkg/include/minirys_sim_pkg/msg/detail/orders__rosidl_typesupport_fastrtps_cpp.hpp
[2.149s] -- Up-to-date: /home/mathew/ROS_files/Workspaces/minirys_sim_ws/install/minirys_sim_pkg/include/minirys_sim_pkg/msg/detail/dds_fastrtps
[2.149s] -- Up-to-date: /home/mathew/ROS_files/Workspaces/minirys_sim_ws/install/minirys_sim_pkg/include/minirys_sim_pkg/msg/rosidl_typesupport_fastrtps_cpp__visibility_control.h
[2.149s] -- Installing: /home/mathew/ROS_files/Workspaces/minirys_sim_ws/install/minirys_sim_pkg/lib/libminirys_sim_pkg__rosidl_typesupport_fastrtps_cpp.so
[2.149s] -- Set runtime path of "/home/mathew/ROS_files/Workspaces/minirys_sim_ws/install/minirys_sim_pkg/lib/libminirys_sim_pkg__rosidl_typesupport_fastrtps_cpp.so" to ""
[2.149s] -- Up-to-date: /home/mathew/ROS_files/Workspaces/minirys_sim_ws/install/minirys_sim_pkg/include/minirys_sim_pkg
[2.149s] -- Up-to-date: /home/mathew/ROS_files/Workspaces/minirys_sim_ws/install/minirys_sim_pkg/include/minirys_sim_pkg/msg
[2.149s] -- Up-to-date: /home/mathew/ROS_files/Workspaces/minirys_sim_ws/install/minirys_sim_pkg/include/minirys_sim_pkg/msg/detail
[2.150s] -- Installing: /home/mathew/ROS_files/Workspaces/minirys_sim_ws/install/minirys_sim_pkg/include/minirys_sim_pkg/msg/detail/orders__rosidl_typesupport_introspection_c.h
[2.150s] -- Installing: /home/mathew/ROS_files/Workspaces/minirys_sim_ws/install/minirys_sim_pkg/include/minirys_sim_pkg/msg/detail/orders__type_support.c
[2.150s] -- Up-to-date: /home/mathew/ROS_files/Workspaces/minirys_sim_ws/install/minirys_sim_pkg/include/minirys_sim_pkg/msg/rosidl_typesupport_introspection_c__visibility_control.h
[2.150s] -- Installing: /home/mathew/ROS_files/Workspaces/minirys_sim_ws/install/minirys_sim_pkg/lib/libminirys_sim_pkg__rosidl_typesupport_introspection_c.so
[2.150s] -- Set runtime path of "/home/mathew/ROS_files/Workspaces/minirys_sim_ws/install/minirys_sim_pkg/lib/libminirys_sim_pkg__rosidl_typesupport_introspection_c.so" to ""
[2.150s] -- Installing: /home/mathew/ROS_files/Workspaces/minirys_sim_ws/install/minirys_sim_pkg/lib/libminirys_sim_pkg__rosidl_typesupport_c.so
[2.150s] -- Set runtime path of "/home/mathew/ROS_files/Workspaces/minirys_sim_ws/install/minirys_sim_pkg/lib/libminirys_sim_pkg__rosidl_typesupport_c.so" to ""
[2.150s] -- Up-to-date: /home/mathew/ROS_files/Workspaces/minirys_sim_ws/install/minirys_sim_pkg/include/minirys_sim_pkg
[2.150s] -- Up-to-date: /home/mathew/ROS_files/Workspaces/minirys_sim_ws/install/minirys_sim_pkg/include/minirys_sim_pkg/msg
[2.150s] -- Up-to-date: /home/mathew/ROS_files/Workspaces/minirys_sim_ws/install/minirys_sim_pkg/include/minirys_sim_pkg/msg/detail
[2.150s] -- Installing: /home/mathew/ROS_files/Workspaces/minirys_sim_ws/install/minirys_sim_pkg/include/minirys_sim_pkg/msg/detail/orders__builder.hpp
[2.150s] -- Installing: /home/mathew/ROS_files/Workspaces/minirys_sim_ws/install/minirys_sim_pkg/include/minirys_sim_pkg/msg/detail/orders__traits.hpp
[2.150s] -- Installing: /home/mathew/ROS_files/Workspaces/minirys_sim_ws/install/minirys_sim_pkg/include/minirys_sim_pkg/msg/detail/orders__struct.hpp
[2.151s] -- Installing: /home/mathew/ROS_files/Workspaces/minirys_sim_ws/install/minirys_sim_pkg/include/minirys_sim_pkg/msg/orders.hpp
[2.151s] -- Up-to-date: /home/mathew/ROS_files/Workspaces/minirys_sim_ws/install/minirys_sim_pkg/include/minirys_sim_pkg
[2.151s] -- Up-to-date: /home/mathew/ROS_files/Workspaces/minirys_sim_ws/install/minirys_sim_pkg/include/minirys_sim_pkg/msg
[2.151s] -- Up-to-date: /home/mathew/ROS_files/Workspaces/minirys_sim_ws/install/minirys_sim_pkg/include/minirys_sim_pkg/msg/detail
[2.151s] -- Installing: /home/mathew/ROS_files/Workspaces/minirys_sim_ws/install/minirys_sim_pkg/include/minirys_sim_pkg/msg/detail/orders__rosidl_typesupport_introspection_cpp.hpp
[2.151s] -- Installing: /home/mathew/ROS_files/Workspaces/minirys_sim_ws/install/minirys_sim_pkg/include/minirys_sim_pkg/msg/detail/orders__type_support.cpp
[2.151s] -- Installing: /home/mathew/ROS_files/Workspaces/minirys_sim_ws/install/minirys_sim_pkg/lib/libminirys_sim_pkg__rosidl_typesupport_introspection_cpp.so
[2.151s] -- Set runtime path of "/home/mathew/ROS_files/Workspaces/minirys_sim_ws/install/minirys_sim_pkg/lib/libminirys_sim_pkg__rosidl_typesupport_introspection_cpp.so" to ""
[2.151s] -- Installing: /home/mathew/ROS_files/Workspaces/minirys_sim_ws/install/minirys_sim_pkg/lib/libminirys_sim_pkg__rosidl_typesupport_cpp.so
[2.151s] -- Set runtime path of "/home/mathew/ROS_files/Workspaces/minirys_sim_ws/install/minirys_sim_pkg/lib/libminirys_sim_pkg__rosidl_typesupport_cpp.so" to ""
[2.151s] -- Up-to-date: /home/mathew/ROS_files/Workspaces/minirys_sim_ws/install/minirys_sim_pkg/share/minirys_sim_pkg/environment/pythonpath.sh
[2.151s] -- Installing: /home/mathew/ROS_files/Workspaces/minirys_sim_ws/install/minirys_sim_pkg/share/minirys_sim_pkg/environment/pythonpath.dsv
[2.151s] -- Installing: /home/mathew/ROS_files/Workspaces/minirys_sim_ws/install/minirys_sim_pkg/lib/python3.8/site-packages/minirys_sim_pkg/__init__.py
[2.172s] Compiling '/home/mathew/ROS_files/Workspaces/minirys_sim_ws/install/minirys_sim_pkg/lib/python3.8/site-packages/minirys_sim_pkg/__init__.py'...
[2.174s] -- Up-to-date: /home/mathew/ROS_files/Workspaces/minirys_sim_ws/install/minirys_sim_pkg/lib/python3.8/site-packages/minirys_sim_pkg/msg
[2.174s] -- Installing: /home/mathew/ROS_files/Workspaces/minirys_sim_ws/install/minirys_sim_pkg/lib/python3.8/site-packages/minirys_sim_pkg/msg/__init__.py
[2.174s] -- Installing: /home/mathew/ROS_files/Workspaces/minirys_sim_ws/install/minirys_sim_pkg/lib/python3.8/site-packages/minirys_sim_pkg/msg/_orders_s.c
[2.174s] -- Installing: /home/mathew/ROS_files/Workspaces/minirys_sim_ws/install/minirys_sim_pkg/lib/python3.8/site-packages/minirys_sim_pkg/msg/_orders.py
[2.174s] -- Installing: /home/mathew/ROS_files/Workspaces/minirys_sim_ws/install/minirys_sim_pkg/lib/python3.8/site-packages/minirys_sim_pkg/minirys_sim_pkg_s__rosidl_typesupport_fastrtps_c.cpython-38-x86_64-linux-gnu.so
[2.175s] -- Set runtime path of "/home/mathew/ROS_files/Workspaces/minirys_sim_ws/install/minirys_sim_pkg/lib/python3.8/site-packages/minirys_sim_pkg/minirys_sim_pkg_s__rosidl_typesupport_fastrtps_c.cpython-38-x86_64-linux-gnu.so" to ""
[2.175s] -- Installing: /home/mathew/ROS_files/Workspaces/minirys_sim_ws/install/minirys_sim_pkg/lib/python3.8/site-packages/minirys_sim_pkg/minirys_sim_pkg_s__rosidl_typesupport_introspection_c.cpython-38-x86_64-linux-gnu.so
[2.175s] -- Set runtime path of "/home/mathew/ROS_files/Workspaces/minirys_sim_ws/install/minirys_sim_pkg/lib/python3.8/site-packages/minirys_sim_pkg/minirys_sim_pkg_s__rosidl_typesupport_introspection_c.cpython-38-x86_64-linux-gnu.so" to ""
[2.176s] -- Installing: /home/mathew/ROS_files/Workspaces/minirys_sim_ws/install/minirys_sim_pkg/lib/python3.8/site-packages/minirys_sim_pkg/minirys_sim_pkg_s__rosidl_typesupport_c.cpython-38-x86_64-linux-gnu.so
[2.176s] -- Set runtime path of "/home/mathew/ROS_files/Workspaces/minirys_sim_ws/install/minirys_sim_pkg/lib/python3.8/site-packages/minirys_sim_pkg/minirys_sim_pkg_s__rosidl_typesupport_c.cpython-38-x86_64-linux-gnu.so" to ""
[2.176s] -- Installing: /home/mathew/ROS_files/Workspaces/minirys_sim_ws/install/minirys_sim_pkg/lib/libminirys_sim_pkg__python.so
[2.176s] -- Set runtime path of "/home/mathew/ROS_files/Workspaces/minirys_sim_ws/install/minirys_sim_pkg/lib/libminirys_sim_pkg__python.so" to ""
[2.176s] -- Installing: /home/mathew/ROS_files/Workspaces/minirys_sim_ws/install/minirys_sim_pkg/share/minirys_sim_pkg/msg/Orders.idl
[2.176s] -- Installing: /home/mathew/ROS_files/Workspaces/minirys_sim_ws/install/minirys_sim_pkg/share/minirys_sim_pkg/msg/Orders.msg
[2.176s] -- Up-to-date: /home/mathew/ROS_files/Workspaces/minirys_sim_ws/install/minirys_sim_pkg/lib/python3.8/site-packages/scripts/
[2.177s] -- Up-to-date: /home/mathew/ROS_files/Workspaces/minirys_sim_ws/install/minirys_sim_pkg/lib/python3.8/site-packages/scripts//__init__.py
[2.177s] -- Installing: /home/mathew/ROS_files/Workspaces/minirys_sim_ws/install/minirys_sim_pkg/lib/python3.8/site-packages/scripts//cmd_pub_test.py
[2.177s] -- Up-to-date: /home/mathew/ROS_files/Workspaces/minirys_sim_ws/install/minirys_sim_pkg/lib/python3.8/site-packages/scripts//odm_sub.py
[2.177s] -- Up-to-date: /home/mathew/ROS_files/Workspaces/minirys_sim_ws/install/minirys_sim_pkg/lib/python3.8/site-packages/scripts//PID_publisher.py
[2.196s] Listing '/home/mathew/ROS_files/Workspaces/minirys_sim_ws/install/minirys_sim_pkg/lib/python3.8/site-packages/scripts/'...
[2.197s] Compiling '/home/mathew/ROS_files/Workspaces/minirys_sim_ws/install/minirys_sim_pkg/lib/python3.8/site-packages/scripts/cmd_pub_test.py'...
[2.199s] -- Installing: /home/mathew/ROS_files/Workspaces/minirys_sim_ws/install/minirys_sim_pkg/lib/minirys_sim_pkg/cmd_pub_test.py
[2.199s] -- Up-to-date: /home/mathew/ROS_files/Workspaces/minirys_sim_ws/install/minirys_sim_pkg/lib/minirys_sim_pkg/odm_sub.py
[2.199s] -- Up-to-date: /home/mathew/ROS_files/Workspaces/minirys_sim_ws/install/minirys_sim_pkg/share/ament_index/resource_index/package_run_dependencies/minirys_sim_pkg
[2.199s] -- Installing: /home/mathew/ROS_files/Workspaces/minirys_sim_ws/install/minirys_sim_pkg/share/ament_index/resource_index/parent_prefix_path/minirys_sim_pkg
[2.199s] -- Up-to-date: /home/mathew/ROS_files/Workspaces/minirys_sim_ws/install/minirys_sim_pkg/share/minirys_sim_pkg/environment/ament_prefix_path.sh
[2.199s] -- Installing: /home/mathew/ROS_files/Workspaces/minirys_sim_ws/install/minirys_sim_pkg/share/minirys_sim_pkg/environment/ament_prefix_path.dsv
[2.199s] -- Up-to-date: /home/mathew/ROS_files/Workspaces/minirys_sim_ws/install/minirys_sim_pkg/share/minirys_sim_pkg/environment/path.sh
[2.199s] -- Installing: /home/mathew/ROS_files/Workspaces/minirys_sim_ws/install/minirys_sim_pkg/share/minirys_sim_pkg/environment/path.dsv
[2.200s] -- Up-to-date: /home/mathew/ROS_files/Workspaces/minirys_sim_ws/install/minirys_sim_pkg/share/minirys_sim_pkg/local_setup.bash
[2.200s] -- Up-to-date: /home/mathew/ROS_files/Workspaces/minirys_sim_ws/install/minirys_sim_pkg/share/minirys_sim_pkg/local_setup.sh
[2.200s] -- Up-to-date: /home/mathew/ROS_files/Workspaces/minirys_sim_ws/install/minirys_sim_pkg/share/minirys_sim_pkg/local_setup.zsh
[2.200s] -- Installing: /home/mathew/ROS_files/Workspaces/minirys_sim_ws/install/minirys_sim_pkg/share/minirys_sim_pkg/local_setup.dsv
[2.200s] -- Installing: /home/mathew/ROS_files/Workspaces/minirys_sim_ws/install/minirys_sim_pkg/share/minirys_sim_pkg/package.dsv
[2.200s] -- Up-to-date: /home/mathew/ROS_files/Workspaces/minirys_sim_ws/install/minirys_sim_pkg/share/ament_index/resource_index/packages/minirys_sim_pkg
[2.200s] -- Up-to-date: /home/mathew/ROS_files/Workspaces/minirys_sim_ws/install/minirys_sim_pkg/share/minirys_sim_pkg/cmake/minirys_sim_pkg__rosidl_generator_cExport.cmake
[2.200s] -- Installing: /home/mathew/ROS_files/Workspaces/minirys_sim_ws/install/minirys_sim_pkg/share/minirys_sim_pkg/cmake/minirys_sim_pkg__rosidl_generator_cExport-noconfig.cmake
[2.200s] -- Up-to-date: /home/mathew/ROS_files/Workspaces/minirys_sim_ws/install/minirys_sim_pkg/share/minirys_sim_pkg/cmake/minirys_sim_pkg__rosidl_typesupport_introspection_cExport.cmake
[2.200s] -- Installing: /home/mathew/ROS_files/Workspaces/minirys_sim_ws/install/minirys_sim_pkg/share/minirys_sim_pkg/cmake/minirys_sim_pkg__rosidl_typesupport_introspection_cExport-noconfig.cmake
[2.200s] -- Up-to-date: /home/mathew/ROS_files/Workspaces/minirys_sim_ws/install/minirys_sim_pkg/share/minirys_sim_pkg/cmake/minirys_sim_pkg__rosidl_typesupport_cExport.cmake
[2.200s] -- Installing: /home/mathew/ROS_files/Workspaces/minirys_sim_ws/install/minirys_sim_pkg/share/minirys_sim_pkg/cmake/minirys_sim_pkg__rosidl_typesupport_cExport-noconfig.cmake
[2.201s] -- Up-to-date: /home/mathew/ROS_files/Workspaces/minirys_sim_ws/install/minirys_sim_pkg/share/minirys_sim_pkg/cmake/minirys_sim_pkg__rosidl_generator_cppExport.cmake
[2.201s] -- Up-to-date: /home/mathew/ROS_files/Workspaces/minirys_sim_ws/install/minirys_sim_pkg/share/minirys_sim_pkg/cmake/minirys_sim_pkg__rosidl_typesupport_introspection_cppExport.cmake
[2.201s] -- Installing: /home/mathew/ROS_files/Workspaces/minirys_sim_ws/install/minirys_sim_pkg/share/minirys_sim_pkg/cmake/minirys_sim_pkg__rosidl_typesupport_introspection_cppExport-noconfig.cmake
[2.201s] -- Up-to-date: /home/mathew/ROS_files/Workspaces/minirys_sim_ws/install/minirys_sim_pkg/share/minirys_sim_pkg/cmake/minirys_sim_pkg__rosidl_typesupport_cppExport.cmake
[2.201s] -- Installing: /home/mathew/ROS_files/Workspaces/minirys_sim_ws/install/minirys_sim_pkg/share/minirys_sim_pkg/cmake/minirys_sim_pkg__rosidl_typesupport_cppExport-noconfig.cmake
[2.201s] -- Up-to-date: /home/mathew/ROS_files/Workspaces/minirys_sim_ws/install/minirys_sim_pkg/share/minirys_sim_pkg/cmake/rosidl_cmake-extras.cmake
[2.201s] -- Up-to-date: /home/mathew/ROS_files/Workspaces/minirys_sim_ws/install/minirys_sim_pkg/share/minirys_sim_pkg/cmake/ament_cmake_export_dependencies-extras.cmake
[2.201s] -- Up-to-date: /home/mathew/ROS_files/Workspaces/minirys_sim_ws/install/minirys_sim_pkg/share/minirys_sim_pkg/cmake/ament_cmake_export_libraries-extras.cmake
[2.201s] -- Up-to-date: /home/mathew/ROS_files/Workspaces/minirys_sim_ws/install/minirys_sim_pkg/share/minirys_sim_pkg/cmake/ament_cmake_export_targets-extras.cmake
[2.201s] -- Up-to-date: /home/mathew/ROS_files/Workspaces/minirys_sim_ws/install/minirys_sim_pkg/share/minirys_sim_pkg/cmake/ament_cmake_export_include_directories-extras.cmake
[2.201s] -- Up-to-date: /home/mathew/ROS_files/Workspaces/minirys_sim_ws/install/minirys_sim_pkg/share/minirys_sim_pkg/cmake/rosidl_cmake_export_typesupport_libraries-extras.cmake
[2.202s] -- Up-to-date: /home/mathew/ROS_files/Workspaces/minirys_sim_ws/install/minirys_sim_pkg/share/minirys_sim_pkg/cmake/rosidl_cmake_export_typesupport_targets-extras.cmake
[2.202s] -- Up-to-date: /home/mathew/ROS_files/Workspaces/minirys_sim_ws/install/minirys_sim_pkg/share/minirys_sim_pkg/cmake/minirys_sim_pkgConfig.cmake
[2.202s] -- Up-to-date: /home/mathew/ROS_files/Workspaces/minirys_sim_ws/install/minirys_sim_pkg/share/minirys_sim_pkg/cmake/minirys_sim_pkgConfig-version.cmake
[2.202s] -- Up-to-date: /home/mathew/ROS_files/Workspaces/minirys_sim_ws/install/minirys_sim_pkg/share/minirys_sim_pkg/package.xml
[2.203s] Invoked command in '/home/mathew/ROS_files/Workspaces/minirys_sim_ws/build/minirys_sim_pkg' returned '0': CMAKE_PREFIX_PATH=/opt/ros/foxy /usr/bin/cmake --install /home/mathew/ROS_files/Workspaces/minirys_sim_ws/build/minirys_sim_pkg
