[0.008s] Invoking command in '/home/mathew/ROS_files/Workspaces/minirys_sim_ws/build/minirys_sim_pkg': CMAKE_PREFIX_PATH=/opt/ros/foxy /usr/bin/cmake /home/mathew/ROS_files/Workspaces/minirys_sim_ws/src/minirys_sim_pkg -DCMAKE_INSTALL_PREFIX=/home/mathew/ROS_files/Workspaces/minirys_sim_ws/install/minirys_sim_pkg
[0.104s] -- The C compiler identification is GNU 9.4.0
[0.138s] -- The CXX compiler identification is GNU 9.4.0
[0.141s] -- Check for working C compiler: /usr/bin/cc
[0.184s] -- Check for working C compiler: /usr/bin/cc -- works
[0.184s] -- Detecting C compiler ABI info
[0.227s] -- Detecting C compiler ABI info - done
[0.235s] -- Detecting C compile features
[0.235s] -- Detecting C compile features - done
[0.237s] -- Check for working CXX compiler: /usr/bin/c++
[0.287s] -- Check for working CXX compiler: /usr/bin/c++ -- works
[0.288s] -- Detecting CXX compiler ABI info
[0.339s] -- Detecting CXX compiler ABI info - done
[0.348s] -- Detecting CXX compile features
[0.348s] -- Detecting CXX compile features - done
[0.349s] -- Found ament_cmake: 0.9.9 (/opt/ros/foxy/share/ament_cmake/cmake)
[0.365s] -- Found PythonInterp: /usr/bin/python3 (found suitable version "3.8.10", minimum required is "3") 
[0.365s] -- Using PYTHON_EXECUTABLE: /usr/bin/python3
[0.496s] -- Found ament_lint_auto: 0.9.6 (/opt/ros/foxy/share/ament_lint_auto/cmake)
[0.545s] -- Added test 'copyright' to check source files copyright and LICENSE
[0.546s] -- Added test 'lint_cmake' to check CMake code style
[0.547s] -- Added test 'xmllint' to check XML markup files
[0.548s] -- Configuring done
[0.550s] -- Generating done
[0.550s] -- Build files have been written to: /home/mathew/ROS_files/Workspaces/minirys_sim_ws/build/minirys_sim_pkg
[0.553s] Invoked command in '/home/mathew/ROS_files/Workspaces/minirys_sim_ws/build/minirys_sim_pkg' returned '0': CMAKE_PREFIX_PATH=/opt/ros/foxy /usr/bin/cmake /home/mathew/ROS_files/Workspaces/minirys_sim_ws/src/minirys_sim_pkg -DCMAKE_INSTALL_PREFIX=/home/mathew/ROS_files/Workspaces/minirys_sim_ws/install/minirys_sim_pkg
[0.555s] Invoking command in '/home/mathew/ROS_files/Workspaces/minirys_sim_ws/build/minirys_sim_pkg': CMAKE_PREFIX_PATH=/opt/ros/foxy /usr/bin/cmake --build /home/mathew/ROS_files/Workspaces/minirys_sim_ws/build/minirys_sim_pkg -- -j16 -l16
[0.582s] Invoked command in '/home/mathew/ROS_files/Workspaces/minirys_sim_ws/build/minirys_sim_pkg' returned '0': CMAKE_PREFIX_PATH=/opt/ros/foxy /usr/bin/cmake --build /home/mathew/ROS_files/Workspaces/minirys_sim_ws/build/minirys_sim_pkg -- -j16 -l16
[0.607s] Invoking command in '/home/mathew/ROS_files/Workspaces/minirys_sim_ws/build/minirys_sim_pkg': CMAKE_PREFIX_PATH=/opt/ros/foxy /usr/bin/cmake --install /home/mathew/ROS_files/Workspaces/minirys_sim_ws/build/minirys_sim_pkg
[0.613s] -- Install configuration: ""
[0.613s] -- Installing: /home/mathew/ROS_files/Workspaces/minirys_sim_ws/install/minirys_sim_pkg/share/ament_index/resource_index/package_run_dependencies/minirys_sim_pkg
[0.613s] -- Installing: /home/mathew/ROS_files/Workspaces/minirys_sim_ws/install/minirys_sim_pkg/share/ament_index/resource_index/parent_prefix_path/minirys_sim_pkg
[0.613s] -- Installing: /home/mathew/ROS_files/Workspaces/minirys_sim_ws/install/minirys_sim_pkg/share/minirys_sim_pkg/environment/ament_prefix_path.sh
[0.614s] -- Installing: /home/mathew/ROS_files/Workspaces/minirys_sim_ws/install/minirys_sim_pkg/share/minirys_sim_pkg/environment/ament_prefix_path.dsv
[0.614s] -- Installing: /home/mathew/ROS_files/Workspaces/minirys_sim_ws/install/minirys_sim_pkg/share/minirys_sim_pkg/environment/path.sh
[0.614s] -- Installing: /home/mathew/ROS_files/Workspaces/minirys_sim_ws/install/minirys_sim_pkg/share/minirys_sim_pkg/environment/path.dsv
[0.614s] -- Installing: /home/mathew/ROS_files/Workspaces/minirys_sim_ws/install/minirys_sim_pkg/share/minirys_sim_pkg/local_setup.bash
[0.614s] -- Installing: /home/mathew/ROS_files/Workspaces/minirys_sim_ws/install/minirys_sim_pkg/share/minirys_sim_pkg/local_setup.sh
[0.614s] -- Installing: /home/mathew/ROS_files/Workspaces/minirys_sim_ws/install/minirys_sim_pkg/share/minirys_sim_pkg/local_setup.zsh
[0.614s] -- Installing: /home/mathew/ROS_files/Workspaces/minirys_sim_ws/install/minirys_sim_pkg/share/minirys_sim_pkg/local_setup.dsv
[0.614s] -- Installing: /home/mathew/ROS_files/Workspaces/minirys_sim_ws/install/minirys_sim_pkg/share/minirys_sim_pkg/package.dsv
[0.614s] -- Installing: /home/mathew/ROS_files/Workspaces/minirys_sim_ws/install/minirys_sim_pkg/share/ament_index/resource_index/packages/minirys_sim_pkg
[0.614s] -- Installing: /home/mathew/ROS_files/Workspaces/minirys_sim_ws/install/minirys_sim_pkg/share/minirys_sim_pkg/cmake/minirys_sim_pkgConfig.cmake
[0.614s] -- Installing: /home/mathew/ROS_files/Workspaces/minirys_sim_ws/install/minirys_sim_pkg/share/minirys_sim_pkg/cmake/minirys_sim_pkgConfig-version.cmake
[0.614s] -- Installing: /home/mathew/ROS_files/Workspaces/minirys_sim_ws/install/minirys_sim_pkg/share/minirys_sim_pkg/package.xml
[0.616s] Invoked command in '/home/mathew/ROS_files/Workspaces/minirys_sim_ws/build/minirys_sim_pkg' returned '0': CMAKE_PREFIX_PATH=/opt/ros/foxy /usr/bin/cmake --install /home/mathew/ROS_files/Workspaces/minirys_sim_ws/build/minirys_sim_pkg
