[0.009s] Invoking command in '/home/mathew/ROS_files/Workspaces/minirys_sim_ws/build/minirys_sim_pkg': CMAKE_PREFIX_PATH=/opt/ros/foxy /usr/bin/cmake --build /home/mathew/ROS_files/Workspaces/minirys_sim_ws/build/minirys_sim_pkg -- -j16 -l16
[0.024s] -- Found ament_cmake: 0.9.9 (/opt/ros/foxy/share/ament_cmake/cmake)
[0.039s] -- Using PYTHON_EXECUTABLE: /usr/bin/python3
[0.161s] -- Found rclpy: 1.0.8 (/opt/ros/foxy/share/rclpy/cmake)
[0.167s] -- Found rosidl_default_generators: 1.0.1 (/opt/ros/foxy/share/rosidl_default_generators/cmake)
[0.172s] -- Using all available rosidl_typesupport_c: rosidl_typesupport_fastrtps_c;rosidl_typesupport_introspection_c
[0.179s] -- Found rosidl_adapter: 1.2.1 (/opt/ros/foxy/share/rosidl_adapter/cmake)
[0.252s] -- Found OpenSSL: /usr/lib/x86_64-linux-gnu/libcrypto.so (found version "1.1.1f")  
[0.271s] -- Found FastRTPS: /opt/ros/foxy/include  
[0.336s] -- Using all available rosidl_typesupport_cpp: rosidl_typesupport_fastrtps_cpp;rosidl_typesupport_introspection_cpp
[0.374s] -- Found PythonInterp: /usr/bin/python3 (found version "3.8.10") 
[0.453s] -- Found ament_cmake_ros: 0.9.2 (/opt/ros/foxy/share/ament_cmake_ros/cmake)
[0.894s] -- Using all available rosidl_typesupport_c: rosidl_typesupport_fastrtps_c;rosidl_typesupport_introspection_c
[0.900s] -- Using all available rosidl_typesupport_cpp: rosidl_typesupport_fastrtps_cpp;rosidl_typesupport_introspection_cpp
[0.918s] -- Found PythonInterp: /usr/bin/python3 (found suitable version "3.8.10", minimum required is "3.5") 
[0.919s] -- Found python_cmake_module: 0.8.1 (/opt/ros/foxy/share/python_cmake_module/cmake)
[0.937s] -- Found PythonLibs: /usr/lib/x86_64-linux-gnu/libpython3.8.so (found suitable version "3.8.10", minimum required is "3.5") 
[0.937s] -- Using PYTHON_EXECUTABLE: /usr/bin/python3
[0.937s] -- Using PYTHON_INCLUDE_DIRS: /usr/include/python3.8
[0.937s] -- Using PYTHON_LIBRARIES: /usr/lib/x86_64-linux-gnu/libpython3.8.so
[0.952s] -- Found PythonExtra: .so  
[0.961s] -- Found ament_lint_auto: 0.9.6 (/opt/ros/foxy/share/ament_lint_auto/cmake)
[0.969s] -- Added test 'copyright' to check source files copyright and LICENSE
[0.970s] -- Added test 'flake8' to check Python code syntax and style conventions
[0.971s] -- Added test 'lint_cmake' to check CMake code style
[0.971s] -- Added test 'pep257' to check Python code against some of the style conventions in PEP 257
[0.972s] -- Added test 'xmllint' to check XML markup files
[0.975s] -- Configuring done
[0.996s] -- Generating done
[0.997s] -- Build files have been written to: /home/mathew/ROS_files/Workspaces/minirys_sim_ws/build/minirys_sim_pkg
[1.014s] [  3%] [34m[1mGenerating C code for ROS interfaces[0m
[1.014s] [35m[1mScanning dependencies of target minirys_sim_pkg__cpp[0m
[1.020s] [  6%] [34m[1mGenerating C++ code for ROS interfaces[0m
[1.166s] [35m[1mScanning dependencies of target minirys_sim_pkg__rosidl_generator_c[0m
[1.166s] [  6%] Built target minirys_sim_pkg__cpp
[1.173s] [ 19%] [34m[1mGenerating C++ type support dispatch for ROS interfaces[0m
[1.173s] [ 19%] [32mBuilding C object CMakeFiles/minirys_sim_pkg__rosidl_generator_c.dir/rosidl_generator_c/minirys_sim_pkg/msg/detail/orders__functions.c.o[0m
[1.173s] [ 19%] [34m[1mGenerating C++ type support for eProsima Fast-RTPS[0m
[1.173s] [ 19%] [34m[1mGenerating C++ introspection for ROS interfaces[0m
[1.214s] [ 22%] [32m[1mLinking C shared library libminirys_sim_pkg__rosidl_generator_c.so[0m
[1.243s] [ 22%] Built target minirys_sim_pkg__rosidl_generator_c
[1.249s] [ 29%] [34m[1mGenerating C type support dispatch for ROS interfaces[0m
[1.250s] [ 29%] [34m[1mGenerating C introspection for ROS interfaces[0m
[1.304s] [35m[1mScanning dependencies of target minirys_sim_pkg__rosidl_typesupport_cpp[0m
[1.312s] [ 32%] [32mBuilding CXX object CMakeFiles/minirys_sim_pkg__rosidl_typesupport_cpp.dir/rosidl_typesupport_cpp/minirys_sim_pkg/msg/orders__type_support.cpp.o[0m
[1.316s] [35m[1mScanning dependencies of target minirys_sim_pkg__rosidl_typesupport_introspection_cpp[0m
[1.321s] [35m[1mScanning dependencies of target minirys_sim_pkg__rosidl_typesupport_fastrtps_cpp[0m
[1.324s] [ 35%] [32mBuilding CXX object CMakeFiles/minirys_sim_pkg__rosidl_typesupport_introspection_cpp.dir/rosidl_typesupport_introspection_cpp/minirys_sim_pkg/msg/detail/orders__type_support.cpp.o[0m
[1.331s] [ 38%] [32mBuilding CXX object CMakeFiles/minirys_sim_pkg__rosidl_typesupport_fastrtps_cpp.dir/rosidl_typesupport_fastrtps_cpp/minirys_sim_pkg/msg/detail/dds_fastrtps/orders__type_support.cpp.o[0m
[1.380s] [35m[1mScanning dependencies of target minirys_sim_pkg__rosidl_typesupport_c[0m
[1.388s] [ 41%] [32mBuilding CXX object CMakeFiles/minirys_sim_pkg__rosidl_typesupport_c.dir/rosidl_typesupport_c/minirys_sim_pkg/msg/orders__type_support.cpp.o[0m
[1.394s] [35m[1mScanning dependencies of target minirys_sim_pkg__rosidl_typesupport_introspection_c[0m
[1.402s] [ 45%] [32mBuilding C object CMakeFiles/minirys_sim_pkg__rosidl_typesupport_introspection_c.dir/rosidl_typesupport_introspection_c/minirys_sim_pkg/msg/detail/orders__type_support.c.o[0m
[1.415s] [ 48%] [32m[1mLinking CXX shared library libminirys_sim_pkg__rosidl_typesupport_c.so[0m
[1.425s] [ 51%] [32m[1mLinking C shared library libminirys_sim_pkg__rosidl_typesupport_introspection_c.so[0m
[1.443s] [ 51%] Built target minirys_sim_pkg__rosidl_typesupport_c
[1.444s] [ 51%] Built target minirys_sim_pkg__rosidl_typesupport_introspection_c
[1.514s] [ 54%] [32m[1mLinking CXX shared library libminirys_sim_pkg__rosidl_typesupport_cpp.so[0m
[1.520s] [ 58%] [32m[1mLinking CXX shared library libminirys_sim_pkg__rosidl_typesupport_introspection_cpp.so[0m
[1.542s] [ 58%] Built target minirys_sim_pkg__rosidl_typesupport_cpp
[1.546s] [ 58%] Built target minirys_sim_pkg__rosidl_typesupport_introspection_cpp
[1.620s] [ 61%] [32m[1mLinking CXX shared library libminirys_sim_pkg__rosidl_typesupport_fastrtps_cpp.so[0m
[1.675s] [ 61%] Built target minirys_sim_pkg__rosidl_typesupport_fastrtps_cpp
[1.681s] [ 64%] [34m[1mGenerating C type support for eProsima Fast-RTPS[0m
[1.824s] [35m[1mScanning dependencies of target minirys_sim_pkg__rosidl_typesupport_fastrtps_c[0m
[1.833s] [ 67%] [32mBuilding CXX object CMakeFiles/minirys_sim_pkg__rosidl_typesupport_fastrtps_c.dir/rosidl_typesupport_fastrtps_c/minirys_sim_pkg/msg/detail/orders__type_support_c.cpp.o[0m
[2.063s] [ 70%] [32m[1mLinking CXX shared library libminirys_sim_pkg__rosidl_typesupport_fastrtps_c.so[0m
[2.115s] [ 70%] Built target minirys_sim_pkg__rosidl_typesupport_fastrtps_c
[2.121s] [35m[1mScanning dependencies of target minirys_sim_pkg[0m
[2.127s] [ 70%] Built target minirys_sim_pkg
[2.134s] [35m[1mScanning dependencies of target minirys_sim_pkg__py[0m
[2.140s] [ 74%] [34m[1mGenerating Python code for ROS interfaces[0m
[2.416s] [ 74%] Built target minirys_sim_pkg__py
[2.423s] [35m[1mScanning dependencies of target minirys_sim_pkg__python[0m
[2.444s] [ 77%] [32mBuilding C object CMakeFiles/minirys_sim_pkg__python.dir/rosidl_generator_py/minirys_sim_pkg/msg/_orders_s.c.o[0m
[2.505s] [ 80%] [32m[1mLinking C shared library rosidl_generator_py/minirys_sim_pkg/libminirys_sim_pkg__python.so[0m
[2.530s] [ 80%] Built target minirys_sim_pkg__python
[2.536s] [35m[1mScanning dependencies of target minirys_sim_pkg__rosidl_typesupport_c__pyext[0m
[2.536s] [35m[1mScanning dependencies of target minirys_sim_pkg__rosidl_typesupport_introspection_c__pyext[0m
[2.536s] [35m[1mScanning dependencies of target minirys_sim_pkg__rosidl_typesupport_fastrtps_c__pyext[0m
[2.548s] [ 87%] [32mBuilding C object CMakeFiles/minirys_sim_pkg__rosidl_typesupport_c__pyext.dir/rosidl_generator_py/minirys_sim_pkg/_minirys_sim_pkg_s.ep.rosidl_typesupport_c.c.o[0m
[2.548s] [ 87%] [32mBuilding C object CMakeFiles/minirys_sim_pkg__rosidl_typesupport_introspection_c__pyext.dir/rosidl_generator_py/minirys_sim_pkg/_minirys_sim_pkg_s.ep.rosidl_typesupport_introspection_c.c.o[0m
[2.548s] [ 90%] [32mBuilding C object CMakeFiles/minirys_sim_pkg__rosidl_typesupport_fastrtps_c__pyext.dir/rosidl_generator_py/minirys_sim_pkg/_minirys_sim_pkg_s.ep.rosidl_typesupport_fastrtps_c.c.o[0m
[2.599s] [100%] [32m[1mLinking C shared library rosidl_generator_py/minirys_sim_pkg/minirys_sim_pkg_s__rosidl_typesupport_introspection_c.cpython-38-x86_64-linux-gnu.so[0m
[2.600s] [100%] [32m[1mLinking C shared library rosidl_generator_py/minirys_sim_pkg/minirys_sim_pkg_s__rosidl_typesupport_c.cpython-38-x86_64-linux-gnu.so[0m
[2.600s] [100%] [32m[1mLinking CXX shared library rosidl_generator_py/minirys_sim_pkg/minirys_sim_pkg_s__rosidl_typesupport_fastrtps_c.cpython-38-x86_64-linux-gnu.so[0m
[2.621s] [100%] Built target minirys_sim_pkg__rosidl_typesupport_introspection_c__pyext
[2.622s] [100%] Built target minirys_sim_pkg__rosidl_typesupport_c__pyext
[2.640s] [100%] Built target minirys_sim_pkg__rosidl_typesupport_fastrtps_c__pyext
[2.647s] Invoked command in '/home/mathew/ROS_files/Workspaces/minirys_sim_ws/build/minirys_sim_pkg' returned '0': CMAKE_PREFIX_PATH=/opt/ros/foxy /usr/bin/cmake --build /home/mathew/ROS_files/Workspaces/minirys_sim_ws/build/minirys_sim_pkg -- -j16 -l16
[2.683s] Invoking command in '/home/mathew/ROS_files/Workspaces/minirys_sim_ws/build/minirys_sim_pkg': CMAKE_PREFIX_PATH=/opt/ros/foxy /usr/bin/cmake --install /home/mathew/ROS_files/Workspaces/minirys_sim_ws/build/minirys_sim_pkg
[2.688s] -- Install configuration: ""
[2.688s] -- Installing: /home/mathew/ROS_files/Workspaces/minirys_sim_ws/install/minirys_sim_pkg/share/ament_index/resource_index/rosidl_interfaces/minirys_sim_pkg
[2.689s] -- Installing: /home/mathew/ROS_files/Workspaces/minirys_sim_ws/install/minirys_sim_pkg/include/minirys_sim_pkg
[2.689s] -- Installing: /home/mathew/ROS_files/Workspaces/minirys_sim_ws/install/minirys_sim_pkg/include/minirys_sim_pkg/msg
[2.689s] -- Installing: /home/mathew/ROS_files/Workspaces/minirys_sim_ws/install/minirys_sim_pkg/include/minirys_sim_pkg/msg/orders.h
[2.689s] -- Installing: /home/mathew/ROS_files/Workspaces/minirys_sim_ws/install/minirys_sim_pkg/include/minirys_sim_pkg/msg/rosidl_generator_c__visibility_control.h
[2.689s] -- Installing: /home/mathew/ROS_files/Workspaces/minirys_sim_ws/install/minirys_sim_pkg/include/minirys_sim_pkg/msg/detail
[2.689s] -- Installing: /home/mathew/ROS_files/Workspaces/minirys_sim_ws/install/minirys_sim_pkg/include/minirys_sim_pkg/msg/detail/orders__struct.h
[2.689s] -- Installing: /home/mathew/ROS_files/Workspaces/minirys_sim_ws/install/minirys_sim_pkg/include/minirys_sim_pkg/msg/detail/orders__functions.h
[2.689s] -- Installing: /home/mathew/ROS_files/Workspaces/minirys_sim_ws/install/minirys_sim_pkg/include/minirys_sim_pkg/msg/detail/orders__type_support.h
[2.689s] -- Installing: /home/mathew/ROS_files/Workspaces/minirys_sim_ws/install/minirys_sim_pkg/include/minirys_sim_pkg/msg/detail/orders__functions.c
[2.689s] -- Installing: /home/mathew/ROS_files/Workspaces/minirys_sim_ws/install/minirys_sim_pkg/share/minirys_sim_pkg/environment/library_path.sh
[2.689s] -- Installing: /home/mathew/ROS_files/Workspaces/minirys_sim_ws/install/minirys_sim_pkg/share/minirys_sim_pkg/environment/library_path.dsv
[2.689s] -- Installing: /home/mathew/ROS_files/Workspaces/minirys_sim_ws/install/minirys_sim_pkg/lib/libminirys_sim_pkg__rosidl_generator_c.so
[2.689s] -- Set runtime path of "/home/mathew/ROS_files/Workspaces/minirys_sim_ws/install/minirys_sim_pkg/lib/libminirys_sim_pkg__rosidl_generator_c.so" to ""
[2.689s] -- Up-to-date: /home/mathew/ROS_files/Workspaces/minirys_sim_ws/install/minirys_sim_pkg/include/minirys_sim_pkg
[2.689s] -- Up-to-date: /home/mathew/ROS_files/Workspaces/minirys_sim_ws/install/minirys_sim_pkg/include/minirys_sim_pkg/msg
[2.690s] -- Up-to-date: /home/mathew/ROS_files/Workspaces/minirys_sim_ws/install/minirys_sim_pkg/include/minirys_sim_pkg/msg/detail
[2.690s] -- Installing: /home/mathew/ROS_files/Workspaces/minirys_sim_ws/install/minirys_sim_pkg/include/minirys_sim_pkg/msg/detail/orders__rosidl_typesupport_fastrtps_c.h
[2.690s] -- Installing: /home/mathew/ROS_files/Workspaces/minirys_sim_ws/install/minirys_sim_pkg/include/minirys_sim_pkg/msg/rosidl_typesupport_fastrtps_c__visibility_control.h
[2.690s] -- Installing: /home/mathew/ROS_files/Workspaces/minirys_sim_ws/install/minirys_sim_pkg/lib/libminirys_sim_pkg__rosidl_typesupport_fastrtps_c.so
[2.690s] -- Set runtime path of "/home/mathew/ROS_files/Workspaces/minirys_sim_ws/install/minirys_sim_pkg/lib/libminirys_sim_pkg__rosidl_typesupport_fastrtps_c.so" to ""
[2.690s] -- Up-to-date: /home/mathew/ROS_files/Workspaces/minirys_sim_ws/install/minirys_sim_pkg/include/minirys_sim_pkg
[2.690s] -- Up-to-date: /home/mathew/ROS_files/Workspaces/minirys_sim_ws/install/minirys_sim_pkg/include/minirys_sim_pkg/msg
[2.690s] -- Up-to-date: /home/mathew/ROS_files/Workspaces/minirys_sim_ws/install/minirys_sim_pkg/include/minirys_sim_pkg/msg/detail
[2.690s] -- Installing: /home/mathew/ROS_files/Workspaces/minirys_sim_ws/install/minirys_sim_pkg/include/minirys_sim_pkg/msg/detail/orders__rosidl_typesupport_fastrtps_cpp.hpp
[2.690s] -- Installing: /home/mathew/ROS_files/Workspaces/minirys_sim_ws/install/minirys_sim_pkg/include/minirys_sim_pkg/msg/detail/dds_fastrtps
[2.690s] -- Installing: /home/mathew/ROS_files/Workspaces/minirys_sim_ws/install/minirys_sim_pkg/include/minirys_sim_pkg/msg/rosidl_typesupport_fastrtps_cpp__visibility_control.h
[2.690s] -- Installing: /home/mathew/ROS_files/Workspaces/minirys_sim_ws/install/minirys_sim_pkg/lib/libminirys_sim_pkg__rosidl_typesupport_fastrtps_cpp.so
[2.690s] -- Set runtime path of "/home/mathew/ROS_files/Workspaces/minirys_sim_ws/install/minirys_sim_pkg/lib/libminirys_sim_pkg__rosidl_typesupport_fastrtps_cpp.so" to ""
[2.690s] -- Up-to-date: /home/mathew/ROS_files/Workspaces/minirys_sim_ws/install/minirys_sim_pkg/include/minirys_sim_pkg
[2.690s] -- Up-to-date: /home/mathew/ROS_files/Workspaces/minirys_sim_ws/install/minirys_sim_pkg/include/minirys_sim_pkg/msg
[2.690s] -- Up-to-date: /home/mathew/ROS_files/Workspaces/minirys_sim_ws/install/minirys_sim_pkg/include/minirys_sim_pkg/msg/detail
[2.690s] -- Installing: /home/mathew/ROS_files/Workspaces/minirys_sim_ws/install/minirys_sim_pkg/include/minirys_sim_pkg/msg/detail/orders__rosidl_typesupport_introspection_c.h
[2.691s] -- Installing: /home/mathew/ROS_files/Workspaces/minirys_sim_ws/install/minirys_sim_pkg/include/minirys_sim_pkg/msg/detail/orders__type_support.c
[2.691s] -- Installing: /home/mathew/ROS_files/Workspaces/minirys_sim_ws/install/minirys_sim_pkg/include/minirys_sim_pkg/msg/rosidl_typesupport_introspection_c__visibility_control.h
[2.691s] -- Installing: /home/mathew/ROS_files/Workspaces/minirys_sim_ws/install/minirys_sim_pkg/lib/libminirys_sim_pkg__rosidl_typesupport_introspection_c.so
[2.691s] -- Set runtime path of "/home/mathew/ROS_files/Workspaces/minirys_sim_ws/install/minirys_sim_pkg/lib/libminirys_sim_pkg__rosidl_typesupport_introspection_c.so" to ""
[2.691s] -- Installing: /home/mathew/ROS_files/Workspaces/minirys_sim_ws/install/minirys_sim_pkg/lib/libminirys_sim_pkg__rosidl_typesupport_c.so
[2.691s] -- Set runtime path of "/home/mathew/ROS_files/Workspaces/minirys_sim_ws/install/minirys_sim_pkg/lib/libminirys_sim_pkg__rosidl_typesupport_c.so" to ""
[2.691s] -- Up-to-date: /home/mathew/ROS_files/Workspaces/minirys_sim_ws/install/minirys_sim_pkg/include/minirys_sim_pkg
[2.691s] -- Up-to-date: /home/mathew/ROS_files/Workspaces/minirys_sim_ws/install/minirys_sim_pkg/include/minirys_sim_pkg/msg
[2.691s] -- Up-to-date: /home/mathew/ROS_files/Workspaces/minirys_sim_ws/install/minirys_sim_pkg/include/minirys_sim_pkg/msg/detail
[2.691s] -- Installing: /home/mathew/ROS_files/Workspaces/minirys_sim_ws/install/minirys_sim_pkg/include/minirys_sim_pkg/msg/detail/orders__builder.hpp
[2.691s] -- Installing: /home/mathew/ROS_files/Workspaces/minirys_sim_ws/install/minirys_sim_pkg/include/minirys_sim_pkg/msg/detail/orders__traits.hpp
[2.691s] -- Installing: /home/mathew/ROS_files/Workspaces/minirys_sim_ws/install/minirys_sim_pkg/include/minirys_sim_pkg/msg/detail/orders__struct.hpp
[2.691s] -- Installing: /home/mathew/ROS_files/Workspaces/minirys_sim_ws/install/minirys_sim_pkg/include/minirys_sim_pkg/msg/orders.hpp
[2.691s] -- Up-to-date: /home/mathew/ROS_files/Workspaces/minirys_sim_ws/install/minirys_sim_pkg/include/minirys_sim_pkg
[2.692s] -- Up-to-date: /home/mathew/ROS_files/Workspaces/minirys_sim_ws/install/minirys_sim_pkg/include/minirys_sim_pkg/msg
[2.692s] -- Up-to-date: /home/mathew/ROS_files/Workspaces/minirys_sim_ws/install/minirys_sim_pkg/include/minirys_sim_pkg/msg/detail
[2.692s] -- Installing: /home/mathew/ROS_files/Workspaces/minirys_sim_ws/install/minirys_sim_pkg/include/minirys_sim_pkg/msg/detail/orders__rosidl_typesupport_introspection_cpp.hpp
[2.692s] -- Installing: /home/mathew/ROS_files/Workspaces/minirys_sim_ws/install/minirys_sim_pkg/include/minirys_sim_pkg/msg/detail/orders__type_support.cpp
[2.692s] -- Installing: /home/mathew/ROS_files/Workspaces/minirys_sim_ws/install/minirys_sim_pkg/lib/libminirys_sim_pkg__rosidl_typesupport_introspection_cpp.so
[2.692s] -- Set runtime path of "/home/mathew/ROS_files/Workspaces/minirys_sim_ws/install/minirys_sim_pkg/lib/libminirys_sim_pkg__rosidl_typesupport_introspection_cpp.so" to ""
[2.692s] -- Installing: /home/mathew/ROS_files/Workspaces/minirys_sim_ws/install/minirys_sim_pkg/lib/libminirys_sim_pkg__rosidl_typesupport_cpp.so
[2.692s] -- Set runtime path of "/home/mathew/ROS_files/Workspaces/minirys_sim_ws/install/minirys_sim_pkg/lib/libminirys_sim_pkg__rosidl_typesupport_cpp.so" to ""
[2.692s] -- Up-to-date: /home/mathew/ROS_files/Workspaces/minirys_sim_ws/install/minirys_sim_pkg/share/minirys_sim_pkg/environment/pythonpath.sh
[2.692s] -- Installing: /home/mathew/ROS_files/Workspaces/minirys_sim_ws/install/minirys_sim_pkg/share/minirys_sim_pkg/environment/pythonpath.dsv
[2.692s] -- Installing: /home/mathew/ROS_files/Workspaces/minirys_sim_ws/install/minirys_sim_pkg/lib/python3.8/site-packages/minirys_sim_pkg/__init__.py
[2.712s] Compiling '/home/mathew/ROS_files/Workspaces/minirys_sim_ws/install/minirys_sim_pkg/lib/python3.8/site-packages/minirys_sim_pkg/__init__.py'...
[2.715s] -- Installing: /home/mathew/ROS_files/Workspaces/minirys_sim_ws/install/minirys_sim_pkg/lib/python3.8/site-packages/minirys_sim_pkg/msg
[2.715s] -- Installing: /home/mathew/ROS_files/Workspaces/minirys_sim_ws/install/minirys_sim_pkg/lib/python3.8/site-packages/minirys_sim_pkg/msg/__init__.py
[2.715s] -- Installing: /home/mathew/ROS_files/Workspaces/minirys_sim_ws/install/minirys_sim_pkg/lib/python3.8/site-packages/minirys_sim_pkg/msg/_orders_s.c
[2.715s] -- Installing: /home/mathew/ROS_files/Workspaces/minirys_sim_ws/install/minirys_sim_pkg/lib/python3.8/site-packages/minirys_sim_pkg/msg/_orders.py
[2.715s] -- Installing: /home/mathew/ROS_files/Workspaces/minirys_sim_ws/install/minirys_sim_pkg/lib/python3.8/site-packages/minirys_sim_pkg/minirys_sim_pkg_s__rosidl_typesupport_fastrtps_c.cpython-38-x86_64-linux-gnu.so
[2.715s] -- Set runtime path of "/home/mathew/ROS_files/Workspaces/minirys_sim_ws/install/minirys_sim_pkg/lib/python3.8/site-packages/minirys_sim_pkg/minirys_sim_pkg_s__rosidl_typesupport_fastrtps_c.cpython-38-x86_64-linux-gnu.so" to ""
[2.715s] -- Installing: /home/mathew/ROS_files/Workspaces/minirys_sim_ws/install/minirys_sim_pkg/lib/python3.8/site-packages/minirys_sim_pkg/minirys_sim_pkg_s__rosidl_typesupport_introspection_c.cpython-38-x86_64-linux-gnu.so
[2.716s] -- Set runtime path of "/home/mathew/ROS_files/Workspaces/minirys_sim_ws/install/minirys_sim_pkg/lib/python3.8/site-packages/minirys_sim_pkg/minirys_sim_pkg_s__rosidl_typesupport_introspection_c.cpython-38-x86_64-linux-gnu.so" to ""
[2.716s] -- Installing: /home/mathew/ROS_files/Workspaces/minirys_sim_ws/install/minirys_sim_pkg/lib/python3.8/site-packages/minirys_sim_pkg/minirys_sim_pkg_s__rosidl_typesupport_c.cpython-38-x86_64-linux-gnu.so
[2.716s] -- Set runtime path of "/home/mathew/ROS_files/Workspaces/minirys_sim_ws/install/minirys_sim_pkg/lib/python3.8/site-packages/minirys_sim_pkg/minirys_sim_pkg_s__rosidl_typesupport_c.cpython-38-x86_64-linux-gnu.so" to ""
[2.716s] -- Installing: /home/mathew/ROS_files/Workspaces/minirys_sim_ws/install/minirys_sim_pkg/lib/libminirys_sim_pkg__python.so
[2.716s] -- Set runtime path of "/home/mathew/ROS_files/Workspaces/minirys_sim_ws/install/minirys_sim_pkg/lib/libminirys_sim_pkg__python.so" to ""
[2.716s] -- Installing: /home/mathew/ROS_files/Workspaces/minirys_sim_ws/install/minirys_sim_pkg/share/minirys_sim_pkg/msg/Orders.idl
[2.717s] -- Installing: /home/mathew/ROS_files/Workspaces/minirys_sim_ws/install/minirys_sim_pkg/share/minirys_sim_pkg/msg/Orders.msg
[2.717s] -- Up-to-date: /home/mathew/ROS_files/Workspaces/minirys_sim_ws/install/minirys_sim_pkg/lib/python3.8/site-packages/scripts/
[2.717s] -- Up-to-date: /home/mathew/ROS_files/Workspaces/minirys_sim_ws/install/minirys_sim_pkg/lib/python3.8/site-packages/scripts//__init__.py
[2.717s] -- Up-to-date: /home/mathew/ROS_files/Workspaces/minirys_sim_ws/install/minirys_sim_pkg/lib/python3.8/site-packages/scripts//cmd_pub_test.py
[2.717s] -- Up-to-date: /home/mathew/ROS_files/Workspaces/minirys_sim_ws/install/minirys_sim_pkg/lib/python3.8/site-packages/scripts//odm_sub.py
[2.717s] -- Up-to-date: /home/mathew/ROS_files/Workspaces/minirys_sim_ws/install/minirys_sim_pkg/lib/python3.8/site-packages/scripts//PID_publisher.py
[2.736s] Listing '/home/mathew/ROS_files/Workspaces/minirys_sim_ws/install/minirys_sim_pkg/lib/python3.8/site-packages/scripts/'...
[2.738s] -- Up-to-date: /home/mathew/ROS_files/Workspaces/minirys_sim_ws/install/minirys_sim_pkg/lib/minirys_sim_pkg/cmd_pub_test.py
[2.738s] -- Up-to-date: /home/mathew/ROS_files/Workspaces/minirys_sim_ws/install/minirys_sim_pkg/lib/minirys_sim_pkg/odm_sub.py
[2.738s] -- Installing: /home/mathew/ROS_files/Workspaces/minirys_sim_ws/install/minirys_sim_pkg/share/ament_index/resource_index/package_run_dependencies/minirys_sim_pkg
[2.739s] -- Up-to-date: /home/mathew/ROS_files/Workspaces/minirys_sim_ws/install/minirys_sim_pkg/share/ament_index/resource_index/parent_prefix_path/minirys_sim_pkg
[2.739s] -- Up-to-date: /home/mathew/ROS_files/Workspaces/minirys_sim_ws/install/minirys_sim_pkg/share/minirys_sim_pkg/environment/ament_prefix_path.sh
[2.739s] -- Installing: /home/mathew/ROS_files/Workspaces/minirys_sim_ws/install/minirys_sim_pkg/share/minirys_sim_pkg/environment/ament_prefix_path.dsv
[2.739s] -- Up-to-date: /home/mathew/ROS_files/Workspaces/minirys_sim_ws/install/minirys_sim_pkg/share/minirys_sim_pkg/environment/path.sh
[2.739s] -- Installing: /home/mathew/ROS_files/Workspaces/minirys_sim_ws/install/minirys_sim_pkg/share/minirys_sim_pkg/environment/path.dsv
[2.739s] -- Up-to-date: /home/mathew/ROS_files/Workspaces/minirys_sim_ws/install/minirys_sim_pkg/share/minirys_sim_pkg/local_setup.bash
[2.739s] -- Installing: /home/mathew/ROS_files/Workspaces/minirys_sim_ws/install/minirys_sim_pkg/share/minirys_sim_pkg/local_setup.sh
[2.739s] -- Up-to-date: /home/mathew/ROS_files/Workspaces/minirys_sim_ws/install/minirys_sim_pkg/share/minirys_sim_pkg/local_setup.zsh
[2.739s] -- Installing: /home/mathew/ROS_files/Workspaces/minirys_sim_ws/install/minirys_sim_pkg/share/minirys_sim_pkg/local_setup.dsv
[2.739s] -- Installing: /home/mathew/ROS_files/Workspaces/minirys_sim_ws/install/minirys_sim_pkg/share/minirys_sim_pkg/package.dsv
[2.739s] -- Up-to-date: /home/mathew/ROS_files/Workspaces/minirys_sim_ws/install/minirys_sim_pkg/share/ament_index/resource_index/packages/minirys_sim_pkg
[2.739s] -- Installing: /home/mathew/ROS_files/Workspaces/minirys_sim_ws/install/minirys_sim_pkg/share/minirys_sim_pkg/cmake/minirys_sim_pkg__rosidl_generator_cExport.cmake
[2.739s] -- Installing: /home/mathew/ROS_files/Workspaces/minirys_sim_ws/install/minirys_sim_pkg/share/minirys_sim_pkg/cmake/minirys_sim_pkg__rosidl_generator_cExport-noconfig.cmake
[2.739s] -- Installing: /home/mathew/ROS_files/Workspaces/minirys_sim_ws/install/minirys_sim_pkg/share/minirys_sim_pkg/cmake/minirys_sim_pkg__rosidl_typesupport_introspection_cExport.cmake
[2.739s] -- Installing: /home/mathew/ROS_files/Workspaces/minirys_sim_ws/install/minirys_sim_pkg/share/minirys_sim_pkg/cmake/minirys_sim_pkg__rosidl_typesupport_introspection_cExport-noconfig.cmake
[2.740s] -- Installing: /home/mathew/ROS_files/Workspaces/minirys_sim_ws/install/minirys_sim_pkg/share/minirys_sim_pkg/cmake/minirys_sim_pkg__rosidl_typesupport_cExport.cmake
[2.740s] -- Installing: /home/mathew/ROS_files/Workspaces/minirys_sim_ws/install/minirys_sim_pkg/share/minirys_sim_pkg/cmake/minirys_sim_pkg__rosidl_typesupport_cExport-noconfig.cmake
[2.740s] -- Installing: /home/mathew/ROS_files/Workspaces/minirys_sim_ws/install/minirys_sim_pkg/share/minirys_sim_pkg/cmake/minirys_sim_pkg__rosidl_generator_cppExport.cmake
[2.740s] -- Installing: /home/mathew/ROS_files/Workspaces/minirys_sim_ws/install/minirys_sim_pkg/share/minirys_sim_pkg/cmake/minirys_sim_pkg__rosidl_typesupport_introspection_cppExport.cmake
[2.740s] -- Installing: /home/mathew/ROS_files/Workspaces/minirys_sim_ws/install/minirys_sim_pkg/share/minirys_sim_pkg/cmake/minirys_sim_pkg__rosidl_typesupport_introspection_cppExport-noconfig.cmake
[2.740s] -- Installing: /home/mathew/ROS_files/Workspaces/minirys_sim_ws/install/minirys_sim_pkg/share/minirys_sim_pkg/cmake/minirys_sim_pkg__rosidl_typesupport_cppExport.cmake
[2.740s] -- Installing: /home/mathew/ROS_files/Workspaces/minirys_sim_ws/install/minirys_sim_pkg/share/minirys_sim_pkg/cmake/minirys_sim_pkg__rosidl_typesupport_cppExport-noconfig.cmake
[2.740s] -- Installing: /home/mathew/ROS_files/Workspaces/minirys_sim_ws/install/minirys_sim_pkg/share/minirys_sim_pkg/cmake/rosidl_cmake-extras.cmake
[2.740s] -- Installing: /home/mathew/ROS_files/Workspaces/minirys_sim_ws/install/minirys_sim_pkg/share/minirys_sim_pkg/cmake/ament_cmake_export_dependencies-extras.cmake
[2.740s] -- Installing: /home/mathew/ROS_files/Workspaces/minirys_sim_ws/install/minirys_sim_pkg/share/minirys_sim_pkg/cmake/ament_cmake_export_libraries-extras.cmake
[2.741s] -- Installing: /home/mathew/ROS_files/Workspaces/minirys_sim_ws/install/minirys_sim_pkg/share/minirys_sim_pkg/cmake/ament_cmake_export_targets-extras.cmake
[2.741s] -- Installing: /home/mathew/ROS_files/Workspaces/minirys_sim_ws/install/minirys_sim_pkg/share/minirys_sim_pkg/cmake/ament_cmake_export_include_directories-extras.cmake
[2.741s] -- Installing: /home/mathew/ROS_files/Workspaces/minirys_sim_ws/install/minirys_sim_pkg/share/minirys_sim_pkg/cmake/rosidl_cmake_export_typesupport_libraries-extras.cmake
[2.741s] -- Installing: /home/mathew/ROS_files/Workspaces/minirys_sim_ws/install/minirys_sim_pkg/share/minirys_sim_pkg/cmake/rosidl_cmake_export_typesupport_targets-extras.cmake
[2.741s] -- Installing: /home/mathew/ROS_files/Workspaces/minirys_sim_ws/install/minirys_sim_pkg/share/minirys_sim_pkg/cmake/minirys_sim_pkgConfig.cmake
[2.741s] -- Up-to-date: /home/mathew/ROS_files/Workspaces/minirys_sim_ws/install/minirys_sim_pkg/share/minirys_sim_pkg/cmake/minirys_sim_pkgConfig-version.cmake
[2.741s] -- Installing: /home/mathew/ROS_files/Workspaces/minirys_sim_ws/install/minirys_sim_pkg/share/minirys_sim_pkg/package.xml
[2.743s] Invoked command in '/home/mathew/ROS_files/Workspaces/minirys_sim_ws/build/minirys_sim_pkg' returned '0': CMAKE_PREFIX_PATH=/opt/ros/foxy /usr/bin/cmake --install /home/mathew/ROS_files/Workspaces/minirys_sim_ws/build/minirys_sim_pkg
