[0.015s] Invoking command in '/home/mathew/ROS_files/Workspaces/minirys_sim_ws/build/minirys_sim_pkg': CMAKE_PREFIX_PATH=/opt/ros/foxy /usr/bin/cmake --build /home/mathew/ROS_files/Workspaces/minirys_sim_ws/build/minirys_sim_pkg -- -j16 -l16
[0.228s] -- Found ament_cmake: 0.9.11 (/opt/ros/foxy/share/ament_cmake/cmake)
[0.247s] -- Found PythonInterp: /usr/bin/python3 (found suitable version "3.8.10", minimum required is "3") 
[0.247s] -- Using PYTHON_EXECUTABLE: /usr/bin/python3
[0.478s] -- Found rclpy: 1.0.11 (/opt/ros/foxy/share/rclpy/cmake)
[0.478s] -- Found rosidl_default_generators: 1.0.1 (/opt/ros/foxy/share/rosidl_default_generators/cmake)
[0.483s] -- Using all available rosidl_typesupport_c: rosidl_typesupport_fastrtps_c;rosidl_typesupport_introspection_c
[0.490s] -- Found rosidl_adapter: 1.3.0 (/opt/ros/foxy/share/rosidl_adapter/cmake)
[0.596s] -- Using all available rosidl_typesupport_cpp: rosidl_typesupport_fastrtps_cpp;rosidl_typesupport_introspection_cpp
[0.626s] -- Found PythonInterp: /usr/bin/python3 (found version "3.8.10") 
[0.701s] -- Found ament_cmake_ros: 0.9.2 (/opt/ros/foxy/share/ament_cmake_ros/cmake)
[0.765s] -- Using all available rosidl_typesupport_c: rosidl_typesupport_fastrtps_c;rosidl_typesupport_introspection_c
[0.771s] -- Using all available rosidl_typesupport_cpp: rosidl_typesupport_fastrtps_cpp;rosidl_typesupport_introspection_cpp
[0.786s] -- Found PythonInterp: /usr/bin/python3 (found suitable version "3.8.10", minimum required is "3.5") 
[0.787s] -- Found python_cmake_module: 0.8.1 (/opt/ros/foxy/share/python_cmake_module/cmake)
[0.802s] -- Using PYTHON_EXECUTABLE: /usr/bin/python3
[0.802s] -- Using PYTHON_INCLUDE_DIRS: /usr/include/python3.8
[0.802s] -- Using PYTHON_LIBRARIES: /usr/lib/x86_64-linux-gnu/libpython3.8.so
[0.810s] -- Found ament_lint_auto: 0.9.7 (/opt/ros/foxy/share/ament_lint_auto/cmake)
[0.820s] -- Added test 'copyright' to check source files copyright and LICENSE
[0.821s] -- Added test 'flake8' to check Python code syntax and style conventions
[0.822s] -- Added test 'lint_cmake' to check CMake code style
[0.822s] -- Added test 'pep257' to check Python code against some of the style conventions in PEP 257
[0.823s] -- Added test 'xmllint' to check XML markup files
[0.825s] -- Configuring done
[0.971s] -- Generating done
[0.975s] -- Build files have been written to: /home/mathew/ROS_files/Workspaces/minirys_sim_ws/build/minirys_sim_pkg
[0.994s] [  3%] [34m[1mGenerating C code for ROS interfaces[0m
[1.000s] [  6%] [34m[1mGenerating C++ code for ROS interfaces[0m
[1.142s] [  6%] Built target minirys_sim_pkg__cpp
[1.147s] [35m[1mScanning dependencies of target minirys_sim_pkg__rosidl_generator_c[0m
[1.150s] [35m[1mScanning dependencies of target minirys_sim_pkg__rosidl_typesupport_cpp[0m
[1.150s] [35m[1mScanning dependencies of target minirys_sim_pkg__rosidl_typesupport_fastrtps_cpp[0m
[1.150s] [  9%] [34m[1mGenerating C++ introspection for ROS interfaces[0m
[1.155s] [ 12%] [32mBuilding C object CMakeFiles/minirys_sim_pkg__rosidl_generator_c.dir/rosidl_generator_c/minirys_sim_pkg/msg/detail/orders__functions.c.o[0m
[1.157s] [ 16%] [32mBuilding CXX object CMakeFiles/minirys_sim_pkg__rosidl_typesupport_cpp.dir/rosidl_typesupport_cpp/minirys_sim_pkg/msg/orders__type_support.cpp.o[0m
[1.158s] [ 19%] [32mBuilding CXX object CMakeFiles/minirys_sim_pkg__rosidl_typesupport_fastrtps_cpp.dir/rosidl_typesupport_fastrtps_cpp/minirys_sim_pkg/msg/detail/dds_fastrtps/orders__type_support.cpp.o[0m
[1.208s] [ 22%] [32m[1mLinking C shared library libminirys_sim_pkg__rosidl_generator_c.so[0m
[1.237s] [ 22%] Built target minirys_sim_pkg__rosidl_generator_c
[1.244s] [ 25%] [34m[1mGenerating C introspection for ROS interfaces[0m
[1.245s] [35m[1mScanning dependencies of target minirys_sim_pkg__rosidl_typesupport_c[0m
[1.252s] [ 29%] [32mBuilding CXX object CMakeFiles/minirys_sim_pkg__rosidl_typesupport_c.dir/rosidl_typesupport_c/minirys_sim_pkg/msg/orders__type_support.cpp.o[0m
[1.279s] [ 32%] [32m[1mLinking CXX shared library libminirys_sim_pkg__rosidl_typesupport_c.so[0m
[1.291s] [35m[1mScanning dependencies of target minirys_sim_pkg__rosidl_typesupport_introspection_cpp[0m
[1.299s] [ 35%] [32mBuilding CXX object CMakeFiles/minirys_sim_pkg__rosidl_typesupport_introspection_cpp.dir/rosidl_typesupport_introspection_cpp/minirys_sim_pkg/msg/detail/orders__type_support.cpp.o[0m
[1.305s] [ 38%] Built target minirys_sim_pkg__rosidl_typesupport_c
[1.376s] [ 41%] [32m[1mLinking CXX shared library libminirys_sim_pkg__rosidl_typesupport_cpp.so[0m
[1.387s] [35m[1mScanning dependencies of target minirys_sim_pkg__rosidl_typesupport_introspection_c[0m
[1.395s] [ 45%] [32mBuilding C object CMakeFiles/minirys_sim_pkg__rosidl_typesupport_introspection_c.dir/rosidl_typesupport_introspection_c/minirys_sim_pkg/msg/detail/orders__type_support.c.o[0m
[1.402s] [ 48%] Built target minirys_sim_pkg__rosidl_typesupport_cpp
[1.416s] [ 51%] [32m[1mLinking C shared library libminirys_sim_pkg__rosidl_typesupport_introspection_c.so[0m
[1.435s] [ 51%] Built target minirys_sim_pkg__rosidl_typesupport_introspection_c
[1.467s] [ 54%] [32m[1mLinking CXX shared library libminirys_sim_pkg__rosidl_typesupport_fastrtps_cpp.so[0m
[1.506s] [ 58%] [32m[1mLinking CXX shared library libminirys_sim_pkg__rosidl_typesupport_introspection_cpp.so[0m
[1.519s] [ 61%] Built target minirys_sim_pkg__rosidl_typesupport_fastrtps_cpp
[1.526s] [35m[1mScanning dependencies of target minirys_sim_pkg__rosidl_typesupport_fastrtps_c[0m
[1.531s] [ 61%] Built target minirys_sim_pkg__rosidl_typesupport_introspection_cpp
[1.533s] [ 64%] [32mBuilding CXX object CMakeFiles/minirys_sim_pkg__rosidl_typesupport_fastrtps_c.dir/rosidl_typesupport_fastrtps_c/minirys_sim_pkg/msg/detail/orders__type_support_c.cpp.o[0m
[1.850s] [ 67%] [32m[1mLinking CXX shared library libminirys_sim_pkg__rosidl_typesupport_fastrtps_c.so[0m
[1.900s] [ 70%] Built target minirys_sim_pkg__rosidl_typesupport_fastrtps_c
[1.912s] [ 70%] Built target minirys_sim_pkg
[1.923s] [ 74%] [34m[1mGenerating Python code for ROS interfaces[0m
[2.423s] [ 74%] Built target minirys_sim_pkg__py
[2.432s] [35m[1mScanning dependencies of target minirys_sim_pkg__python[0m
[2.755s] [ 77%] [32mBuilding C object CMakeFiles/minirys_sim_pkg__python.dir/rosidl_generator_py/minirys_sim_pkg/msg/_orders_s.c.o[0m
[2.961s] [ 80%] [32m[1mLinking C shared library rosidl_generator_py/minirys_sim_pkg/libminirys_sim_pkg__python.so[0m
[2.985s] [ 80%] Built target minirys_sim_pkg__python
[2.992s] [35m[1mScanning dependencies of target minirys_sim_pkg__rosidl_typesupport_introspection_c__pyext[0m
[2.992s] [35m[1mScanning dependencies of target minirys_sim_pkg__rosidl_typesupport_c__pyext[0m
[2.992s] [35m[1mScanning dependencies of target minirys_sim_pkg__rosidl_typesupport_fastrtps_c__pyext[0m
[3.003s] [ 90%] [32mBuilding C object CMakeFiles/minirys_sim_pkg__rosidl_typesupport_c__pyext.dir/rosidl_generator_py/minirys_sim_pkg/_minirys_sim_pkg_s.ep.rosidl_typesupport_c.c.o[0m
[3.003s] [ 90%] [32mBuilding C object CMakeFiles/minirys_sim_pkg__rosidl_typesupport_fastrtps_c__pyext.dir/rosidl_generator_py/minirys_sim_pkg/_minirys_sim_pkg_s.ep.rosidl_typesupport_fastrtps_c.c.o[0m
[3.003s] [ 90%] [32mBuilding C object CMakeFiles/minirys_sim_pkg__rosidl_typesupport_introspection_c__pyext.dir/rosidl_generator_py/minirys_sim_pkg/_minirys_sim_pkg_s.ep.rosidl_typesupport_introspection_c.c.o[0m
[3.053s] [100%] [32m[1mLinking CXX shared library rosidl_generator_py/minirys_sim_pkg/minirys_sim_pkg_s__rosidl_typesupport_fastrtps_c.cpython-38-x86_64-linux-gnu.so[0m
[3.053s] [100%] [32m[1mLinking C shared library rosidl_generator_py/minirys_sim_pkg/minirys_sim_pkg_s__rosidl_typesupport_c.cpython-38-x86_64-linux-gnu.so[0m
[3.053s] [100%] [32m[1mLinking C shared library rosidl_generator_py/minirys_sim_pkg/minirys_sim_pkg_s__rosidl_typesupport_introspection_c.cpython-38-x86_64-linux-gnu.so[0m
[3.074s] [100%] Built target minirys_sim_pkg__rosidl_typesupport_introspection_c__pyext
[3.074s] [100%] Built target minirys_sim_pkg__rosidl_typesupport_c__pyext
[3.093s] [100%] Built target minirys_sim_pkg__rosidl_typesupport_fastrtps_c__pyext
[3.101s] Invoked command in '/home/mathew/ROS_files/Workspaces/minirys_sim_ws/build/minirys_sim_pkg' returned '0': CMAKE_PREFIX_PATH=/opt/ros/foxy /usr/bin/cmake --build /home/mathew/ROS_files/Workspaces/minirys_sim_ws/build/minirys_sim_pkg -- -j16 -l16
[3.132s] Invoking command in '/home/mathew/ROS_files/Workspaces/minirys_sim_ws/build/minirys_sim_pkg': CMAKE_PREFIX_PATH=/opt/ros/foxy /usr/bin/cmake --install /home/mathew/ROS_files/Workspaces/minirys_sim_ws/build/minirys_sim_pkg
[3.138s] -- Install configuration: ""
[3.138s] -- Up-to-date: /home/mathew/ROS_files/Workspaces/minirys_sim_ws/install/minirys_sim_pkg/share/ament_index/resource_index/rosidl_interfaces/minirys_sim_pkg
[3.138s] -- Up-to-date: /home/mathew/ROS_files/Workspaces/minirys_sim_ws/install/minirys_sim_pkg/include/minirys_sim_pkg
[3.138s] -- Up-to-date: /home/mathew/ROS_files/Workspaces/minirys_sim_ws/install/minirys_sim_pkg/include/minirys_sim_pkg/msg
[3.138s] -- Installing: /home/mathew/ROS_files/Workspaces/minirys_sim_ws/install/minirys_sim_pkg/include/minirys_sim_pkg/msg/orders.h
[3.138s] -- Up-to-date: /home/mathew/ROS_files/Workspaces/minirys_sim_ws/install/minirys_sim_pkg/include/minirys_sim_pkg/msg/rosidl_generator_c__visibility_control.h
[3.138s] -- Up-to-date: /home/mathew/ROS_files/Workspaces/minirys_sim_ws/install/minirys_sim_pkg/include/minirys_sim_pkg/msg/detail
[3.138s] -- Installing: /home/mathew/ROS_files/Workspaces/minirys_sim_ws/install/minirys_sim_pkg/include/minirys_sim_pkg/msg/detail/orders__struct.h
[3.138s] -- Installing: /home/mathew/ROS_files/Workspaces/minirys_sim_ws/install/minirys_sim_pkg/include/minirys_sim_pkg/msg/detail/orders__functions.h
[3.138s] -- Installing: /home/mathew/ROS_files/Workspaces/minirys_sim_ws/install/minirys_sim_pkg/include/minirys_sim_pkg/msg/detail/orders__type_support.h
[3.138s] -- Installing: /home/mathew/ROS_files/Workspaces/minirys_sim_ws/install/minirys_sim_pkg/include/minirys_sim_pkg/msg/detail/orders__functions.c
[3.138s] -- Up-to-date: /home/mathew/ROS_files/Workspaces/minirys_sim_ws/install/minirys_sim_pkg/share/minirys_sim_pkg/environment/library_path.sh
[3.139s] -- Installing: /home/mathew/ROS_files/Workspaces/minirys_sim_ws/install/minirys_sim_pkg/share/minirys_sim_pkg/environment/library_path.dsv
[3.139s] -- Installing: /home/mathew/ROS_files/Workspaces/minirys_sim_ws/install/minirys_sim_pkg/lib/libminirys_sim_pkg__rosidl_generator_c.so
[3.139s] -- Set runtime path of "/home/mathew/ROS_files/Workspaces/minirys_sim_ws/install/minirys_sim_pkg/lib/libminirys_sim_pkg__rosidl_generator_c.so" to ""
[3.139s] -- Up-to-date: /home/mathew/ROS_files/Workspaces/minirys_sim_ws/install/minirys_sim_pkg/include/minirys_sim_pkg
[3.139s] -- Up-to-date: /home/mathew/ROS_files/Workspaces/minirys_sim_ws/install/minirys_sim_pkg/include/minirys_sim_pkg/msg
[3.139s] -- Up-to-date: /home/mathew/ROS_files/Workspaces/minirys_sim_ws/install/minirys_sim_pkg/include/minirys_sim_pkg/msg/detail
[3.139s] -- Up-to-date: /home/mathew/ROS_files/Workspaces/minirys_sim_ws/install/minirys_sim_pkg/include/minirys_sim_pkg/msg/detail/orders__rosidl_typesupport_fastrtps_c.h
[3.139s] -- Up-to-date: /home/mathew/ROS_files/Workspaces/minirys_sim_ws/install/minirys_sim_pkg/include/minirys_sim_pkg/msg/rosidl_typesupport_fastrtps_c__visibility_control.h
[3.139s] -- Installing: /home/mathew/ROS_files/Workspaces/minirys_sim_ws/install/minirys_sim_pkg/lib/libminirys_sim_pkg__rosidl_typesupport_fastrtps_c.so
[3.139s] -- Set runtime path of "/home/mathew/ROS_files/Workspaces/minirys_sim_ws/install/minirys_sim_pkg/lib/libminirys_sim_pkg__rosidl_typesupport_fastrtps_c.so" to ""
[3.140s] -- Up-to-date: /home/mathew/ROS_files/Workspaces/minirys_sim_ws/install/minirys_sim_pkg/include/minirys_sim_pkg
[3.140s] -- Up-to-date: /home/mathew/ROS_files/Workspaces/minirys_sim_ws/install/minirys_sim_pkg/include/minirys_sim_pkg/msg
[3.140s] -- Up-to-date: /home/mathew/ROS_files/Workspaces/minirys_sim_ws/install/minirys_sim_pkg/include/minirys_sim_pkg/msg/detail
[3.140s] -- Up-to-date: /home/mathew/ROS_files/Workspaces/minirys_sim_ws/install/minirys_sim_pkg/include/minirys_sim_pkg/msg/detail/orders__rosidl_typesupport_fastrtps_cpp.hpp
[3.140s] -- Up-to-date: /home/mathew/ROS_files/Workspaces/minirys_sim_ws/install/minirys_sim_pkg/include/minirys_sim_pkg/msg/detail/dds_fastrtps
[3.140s] -- Up-to-date: /home/mathew/ROS_files/Workspaces/minirys_sim_ws/install/minirys_sim_pkg/include/minirys_sim_pkg/msg/rosidl_typesupport_fastrtps_cpp__visibility_control.h
[3.140s] -- Installing: /home/mathew/ROS_files/Workspaces/minirys_sim_ws/install/minirys_sim_pkg/lib/libminirys_sim_pkg__rosidl_typesupport_fastrtps_cpp.so
[3.140s] -- Set runtime path of "/home/mathew/ROS_files/Workspaces/minirys_sim_ws/install/minirys_sim_pkg/lib/libminirys_sim_pkg__rosidl_typesupport_fastrtps_cpp.so" to ""
[3.140s] -- Up-to-date: /home/mathew/ROS_files/Workspaces/minirys_sim_ws/install/minirys_sim_pkg/include/minirys_sim_pkg
[3.140s] -- Up-to-date: /home/mathew/ROS_files/Workspaces/minirys_sim_ws/install/minirys_sim_pkg/include/minirys_sim_pkg/msg
[3.140s] -- Up-to-date: /home/mathew/ROS_files/Workspaces/minirys_sim_ws/install/minirys_sim_pkg/include/minirys_sim_pkg/msg/detail
[3.140s] -- Installing: /home/mathew/ROS_files/Workspaces/minirys_sim_ws/install/minirys_sim_pkg/include/minirys_sim_pkg/msg/detail/orders__rosidl_typesupport_introspection_c.h
[3.140s] -- Installing: /home/mathew/ROS_files/Workspaces/minirys_sim_ws/install/minirys_sim_pkg/include/minirys_sim_pkg/msg/detail/orders__type_support.c
[3.140s] -- Up-to-date: /home/mathew/ROS_files/Workspaces/minirys_sim_ws/install/minirys_sim_pkg/include/minirys_sim_pkg/msg/rosidl_typesupport_introspection_c__visibility_control.h
[3.140s] -- Installing: /home/mathew/ROS_files/Workspaces/minirys_sim_ws/install/minirys_sim_pkg/lib/libminirys_sim_pkg__rosidl_typesupport_introspection_c.so
[3.141s] -- Set runtime path of "/home/mathew/ROS_files/Workspaces/minirys_sim_ws/install/minirys_sim_pkg/lib/libminirys_sim_pkg__rosidl_typesupport_introspection_c.so" to ""
[3.141s] -- Installing: /home/mathew/ROS_files/Workspaces/minirys_sim_ws/install/minirys_sim_pkg/lib/libminirys_sim_pkg__rosidl_typesupport_c.so
[3.141s] -- Set runtime path of "/home/mathew/ROS_files/Workspaces/minirys_sim_ws/install/minirys_sim_pkg/lib/libminirys_sim_pkg__rosidl_typesupport_c.so" to ""
[3.141s] -- Up-to-date: /home/mathew/ROS_files/Workspaces/minirys_sim_ws/install/minirys_sim_pkg/include/minirys_sim_pkg
[3.141s] -- Up-to-date: /home/mathew/ROS_files/Workspaces/minirys_sim_ws/install/minirys_sim_pkg/include/minirys_sim_pkg/msg
[3.141s] -- Up-to-date: /home/mathew/ROS_files/Workspaces/minirys_sim_ws/install/minirys_sim_pkg/include/minirys_sim_pkg/msg/detail
[3.141s] -- Installing: /home/mathew/ROS_files/Workspaces/minirys_sim_ws/install/minirys_sim_pkg/include/minirys_sim_pkg/msg/detail/orders__builder.hpp
[3.141s] -- Installing: /home/mathew/ROS_files/Workspaces/minirys_sim_ws/install/minirys_sim_pkg/include/minirys_sim_pkg/msg/detail/orders__traits.hpp
[3.141s] -- Installing: /home/mathew/ROS_files/Workspaces/minirys_sim_ws/install/minirys_sim_pkg/include/minirys_sim_pkg/msg/detail/orders__struct.hpp
[3.141s] -- Installing: /home/mathew/ROS_files/Workspaces/minirys_sim_ws/install/minirys_sim_pkg/include/minirys_sim_pkg/msg/orders.hpp
[3.141s] -- Up-to-date: /home/mathew/ROS_files/Workspaces/minirys_sim_ws/install/minirys_sim_pkg/include/minirys_sim_pkg
[3.142s] -- Up-to-date: /home/mathew/ROS_files/Workspaces/minirys_sim_ws/install/minirys_sim_pkg/include/minirys_sim_pkg/msg
[3.142s] -- Up-to-date: /home/mathew/ROS_files/Workspaces/minirys_sim_ws/install/minirys_sim_pkg/include/minirys_sim_pkg/msg/detail
[3.142s] -- Installing: /home/mathew/ROS_files/Workspaces/minirys_sim_ws/install/minirys_sim_pkg/include/minirys_sim_pkg/msg/detail/orders__rosidl_typesupport_introspection_cpp.hpp
[3.142s] -- Installing: /home/mathew/ROS_files/Workspaces/minirys_sim_ws/install/minirys_sim_pkg/include/minirys_sim_pkg/msg/detail/orders__type_support.cpp
[3.142s] -- Installing: /home/mathew/ROS_files/Workspaces/minirys_sim_ws/install/minirys_sim_pkg/lib/libminirys_sim_pkg__rosidl_typesupport_introspection_cpp.so
[3.142s] -- Set runtime path of "/home/mathew/ROS_files/Workspaces/minirys_sim_ws/install/minirys_sim_pkg/lib/libminirys_sim_pkg__rosidl_typesupport_introspection_cpp.so" to ""
[3.142s] -- Installing: /home/mathew/ROS_files/Workspaces/minirys_sim_ws/install/minirys_sim_pkg/lib/libminirys_sim_pkg__rosidl_typesupport_cpp.so
[3.142s] -- Set runtime path of "/home/mathew/ROS_files/Workspaces/minirys_sim_ws/install/minirys_sim_pkg/lib/libminirys_sim_pkg__rosidl_typesupport_cpp.so" to ""
[3.142s] -- Up-to-date: /home/mathew/ROS_files/Workspaces/minirys_sim_ws/install/minirys_sim_pkg/share/minirys_sim_pkg/environment/pythonpath.sh
[3.142s] -- Installing: /home/mathew/ROS_files/Workspaces/minirys_sim_ws/install/minirys_sim_pkg/share/minirys_sim_pkg/environment/pythonpath.dsv
[3.143s] -- Installing: /home/mathew/ROS_files/Workspaces/minirys_sim_ws/install/minirys_sim_pkg/lib/python3.8/site-packages/minirys_sim_pkg/__init__.py
[3.162s] Compiling '/home/mathew/ROS_files/Workspaces/minirys_sim_ws/install/minirys_sim_pkg/lib/python3.8/site-packages/minirys_sim_pkg/__init__.py'...
[3.165s] -- Up-to-date: /home/mathew/ROS_files/Workspaces/minirys_sim_ws/install/minirys_sim_pkg/lib/python3.8/site-packages/minirys_sim_pkg/msg
[3.165s] -- Installing: /home/mathew/ROS_files/Workspaces/minirys_sim_ws/install/minirys_sim_pkg/lib/python3.8/site-packages/minirys_sim_pkg/msg/__init__.py
[3.165s] -- Installing: /home/mathew/ROS_files/Workspaces/minirys_sim_ws/install/minirys_sim_pkg/lib/python3.8/site-packages/minirys_sim_pkg/msg/_orders_s.c
[3.165s] -- Installing: /home/mathew/ROS_files/Workspaces/minirys_sim_ws/install/minirys_sim_pkg/lib/python3.8/site-packages/minirys_sim_pkg/msg/_orders.py
[3.165s] -- Installing: /home/mathew/ROS_files/Workspaces/minirys_sim_ws/install/minirys_sim_pkg/lib/python3.8/site-packages/minirys_sim_pkg/minirys_sim_pkg_s__rosidl_typesupport_fastrtps_c.cpython-38-x86_64-linux-gnu.so
[3.166s] -- Set runtime path of "/home/mathew/ROS_files/Workspaces/minirys_sim_ws/install/minirys_sim_pkg/lib/python3.8/site-packages/minirys_sim_pkg/minirys_sim_pkg_s__rosidl_typesupport_fastrtps_c.cpython-38-x86_64-linux-gnu.so" to ""
[3.166s] -- Installing: /home/mathew/ROS_files/Workspaces/minirys_sim_ws/install/minirys_sim_pkg/lib/python3.8/site-packages/minirys_sim_pkg/minirys_sim_pkg_s__rosidl_typesupport_introspection_c.cpython-38-x86_64-linux-gnu.so
[3.166s] -- Set runtime path of "/home/mathew/ROS_files/Workspaces/minirys_sim_ws/install/minirys_sim_pkg/lib/python3.8/site-packages/minirys_sim_pkg/minirys_sim_pkg_s__rosidl_typesupport_introspection_c.cpython-38-x86_64-linux-gnu.so" to ""
[3.166s] -- Installing: /home/mathew/ROS_files/Workspaces/minirys_sim_ws/install/minirys_sim_pkg/lib/python3.8/site-packages/minirys_sim_pkg/minirys_sim_pkg_s__rosidl_typesupport_c.cpython-38-x86_64-linux-gnu.so
[3.167s] -- Set runtime path of "/home/mathew/ROS_files/Workspaces/minirys_sim_ws/install/minirys_sim_pkg/lib/python3.8/site-packages/minirys_sim_pkg/minirys_sim_pkg_s__rosidl_typesupport_c.cpython-38-x86_64-linux-gnu.so" to ""
[3.167s] -- Installing: /home/mathew/ROS_files/Workspaces/minirys_sim_ws/install/minirys_sim_pkg/lib/libminirys_sim_pkg__python.so
[3.167s] -- Set runtime path of "/home/mathew/ROS_files/Workspaces/minirys_sim_ws/install/minirys_sim_pkg/lib/libminirys_sim_pkg__python.so" to ""
[3.167s] -- Up-to-date: /home/mathew/ROS_files/Workspaces/minirys_sim_ws/install/minirys_sim_pkg/share/minirys_sim_pkg/msg/Orders.idl
[3.167s] -- Up-to-date: /home/mathew/ROS_files/Workspaces/minirys_sim_ws/install/minirys_sim_pkg/share/minirys_sim_pkg/msg/Orders.msg
[3.167s] -- Up-to-date: /home/mathew/ROS_files/Workspaces/minirys_sim_ws/install/minirys_sim_pkg/lib/python3.8/site-packages/scripts/
[3.167s] -- Up-to-date: /home/mathew/ROS_files/Workspaces/minirys_sim_ws/install/minirys_sim_pkg/lib/python3.8/site-packages/scripts//__init__.py
[3.167s] -- Up-to-date: /home/mathew/ROS_files/Workspaces/minirys_sim_ws/install/minirys_sim_pkg/lib/python3.8/site-packages/scripts//cmd_pub_test.py
[3.167s] -- Up-to-date: /home/mathew/ROS_files/Workspaces/minirys_sim_ws/install/minirys_sim_pkg/lib/python3.8/site-packages/scripts//odm_sub.py
[3.167s] -- Up-to-date: /home/mathew/ROS_files/Workspaces/minirys_sim_ws/install/minirys_sim_pkg/lib/python3.8/site-packages/scripts//PID_publisher.py
[3.186s] Listing '/home/mathew/ROS_files/Workspaces/minirys_sim_ws/install/minirys_sim_pkg/lib/python3.8/site-packages/scripts/'...
[3.188s] -- Up-to-date: /home/mathew/ROS_files/Workspaces/minirys_sim_ws/install/minirys_sim_pkg/lib/minirys_sim_pkg/cmd_pub_test.py
[3.188s] -- Up-to-date: /home/mathew/ROS_files/Workspaces/minirys_sim_ws/install/minirys_sim_pkg/lib/minirys_sim_pkg/odm_sub.py
[3.188s] -- Up-to-date: /home/mathew/ROS_files/Workspaces/minirys_sim_ws/install/minirys_sim_pkg/share/ament_index/resource_index/package_run_dependencies/minirys_sim_pkg
[3.188s] -- Installing: /home/mathew/ROS_files/Workspaces/minirys_sim_ws/install/minirys_sim_pkg/share/ament_index/resource_index/parent_prefix_path/minirys_sim_pkg
[3.188s] -- Installing: /home/mathew/ROS_files/Workspaces/minirys_sim_ws/install/minirys_sim_pkg/share/minirys_sim_pkg/environment/ament_prefix_path.sh
[3.189s] -- Installing: /home/mathew/ROS_files/Workspaces/minirys_sim_ws/install/minirys_sim_pkg/share/minirys_sim_pkg/environment/ament_prefix_path.dsv
[3.189s] -- Installing: /home/mathew/ROS_files/Workspaces/minirys_sim_ws/install/minirys_sim_pkg/share/minirys_sim_pkg/environment/path.sh
[3.189s] -- Installing: /home/mathew/ROS_files/Workspaces/minirys_sim_ws/install/minirys_sim_pkg/share/minirys_sim_pkg/environment/path.dsv
[3.189s] -- Up-to-date: /home/mathew/ROS_files/Workspaces/minirys_sim_ws/install/minirys_sim_pkg/share/minirys_sim_pkg/local_setup.bash
[3.189s] -- Up-to-date: /home/mathew/ROS_files/Workspaces/minirys_sim_ws/install/minirys_sim_pkg/share/minirys_sim_pkg/local_setup.sh
[3.189s] -- Up-to-date: /home/mathew/ROS_files/Workspaces/minirys_sim_ws/install/minirys_sim_pkg/share/minirys_sim_pkg/local_setup.zsh
[3.189s] -- Installing: /home/mathew/ROS_files/Workspaces/minirys_sim_ws/install/minirys_sim_pkg/share/minirys_sim_pkg/local_setup.dsv
[3.189s] -- Installing: /home/mathew/ROS_files/Workspaces/minirys_sim_ws/install/minirys_sim_pkg/share/minirys_sim_pkg/package.dsv
[3.189s] -- Up-to-date: /home/mathew/ROS_files/Workspaces/minirys_sim_ws/install/minirys_sim_pkg/share/ament_index/resource_index/packages/minirys_sim_pkg
[3.190s] -- Old export file "/home/mathew/ROS_files/Workspaces/minirys_sim_ws/install/minirys_sim_pkg/share/minirys_sim_pkg/cmake/minirys_sim_pkg__rosidl_generator_cExport.cmake" will be replaced.  Removing files [/home/mathew/ROS_files/Workspaces/minirys_sim_ws/install/minirys_sim_pkg/share/minirys_sim_pkg/cmake/minirys_sim_pkg__rosidl_generator_cExport-noconfig.cmake].
[3.190s] -- Installing: /home/mathew/ROS_files/Workspaces/minirys_sim_ws/install/minirys_sim_pkg/share/minirys_sim_pkg/cmake/minirys_sim_pkg__rosidl_generator_cExport.cmake
[3.190s] -- Installing: /home/mathew/ROS_files/Workspaces/minirys_sim_ws/install/minirys_sim_pkg/share/minirys_sim_pkg/cmake/minirys_sim_pkg__rosidl_generator_cExport-noconfig.cmake
[3.190s] -- Up-to-date: /home/mathew/ROS_files/Workspaces/minirys_sim_ws/install/minirys_sim_pkg/share/minirys_sim_pkg/cmake/minirys_sim_pkg__rosidl_typesupport_introspection_cExport.cmake
[3.190s] -- Installing: /home/mathew/ROS_files/Workspaces/minirys_sim_ws/install/minirys_sim_pkg/share/minirys_sim_pkg/cmake/minirys_sim_pkg__rosidl_typesupport_introspection_cExport-noconfig.cmake
[3.190s] -- Up-to-date: /home/mathew/ROS_files/Workspaces/minirys_sim_ws/install/minirys_sim_pkg/share/minirys_sim_pkg/cmake/minirys_sim_pkg__rosidl_typesupport_cExport.cmake
[3.190s] -- Installing: /home/mathew/ROS_files/Workspaces/minirys_sim_ws/install/minirys_sim_pkg/share/minirys_sim_pkg/cmake/minirys_sim_pkg__rosidl_typesupport_cExport-noconfig.cmake
[3.190s] -- Up-to-date: /home/mathew/ROS_files/Workspaces/minirys_sim_ws/install/minirys_sim_pkg/share/minirys_sim_pkg/cmake/minirys_sim_pkg__rosidl_generator_cppExport.cmake
[3.190s] -- Up-to-date: /home/mathew/ROS_files/Workspaces/minirys_sim_ws/install/minirys_sim_pkg/share/minirys_sim_pkg/cmake/minirys_sim_pkg__rosidl_typesupport_introspection_cppExport.cmake
[3.191s] -- Installing: /home/mathew/ROS_files/Workspaces/minirys_sim_ws/install/minirys_sim_pkg/share/minirys_sim_pkg/cmake/minirys_sim_pkg__rosidl_typesupport_introspection_cppExport-noconfig.cmake
[3.191s] -- Up-to-date: /home/mathew/ROS_files/Workspaces/minirys_sim_ws/install/minirys_sim_pkg/share/minirys_sim_pkg/cmake/minirys_sim_pkg__rosidl_typesupport_cppExport.cmake
[3.191s] -- Installing: /home/mathew/ROS_files/Workspaces/minirys_sim_ws/install/minirys_sim_pkg/share/minirys_sim_pkg/cmake/minirys_sim_pkg__rosidl_typesupport_cppExport-noconfig.cmake
[3.191s] -- Up-to-date: /home/mathew/ROS_files/Workspaces/minirys_sim_ws/install/minirys_sim_pkg/share/minirys_sim_pkg/cmake/rosidl_cmake-extras.cmake
[3.191s] -- Up-to-date: /home/mathew/ROS_files/Workspaces/minirys_sim_ws/install/minirys_sim_pkg/share/minirys_sim_pkg/cmake/ament_cmake_export_dependencies-extras.cmake
[3.191s] -- Up-to-date: /home/mathew/ROS_files/Workspaces/minirys_sim_ws/install/minirys_sim_pkg/share/minirys_sim_pkg/cmake/ament_cmake_export_libraries-extras.cmake
[3.191s] -- Installing: /home/mathew/ROS_files/Workspaces/minirys_sim_ws/install/minirys_sim_pkg/share/minirys_sim_pkg/cmake/ament_cmake_export_targets-extras.cmake
[3.191s] -- Up-to-date: /home/mathew/ROS_files/Workspaces/minirys_sim_ws/install/minirys_sim_pkg/share/minirys_sim_pkg/cmake/ament_cmake_export_include_directories-extras.cmake
[3.191s] -- Up-to-date: /home/mathew/ROS_files/Workspaces/minirys_sim_ws/install/minirys_sim_pkg/share/minirys_sim_pkg/cmake/rosidl_cmake_export_typesupport_libraries-extras.cmake
[3.191s] -- Up-to-date: /home/mathew/ROS_files/Workspaces/minirys_sim_ws/install/minirys_sim_pkg/share/minirys_sim_pkg/cmake/rosidl_cmake_export_typesupport_targets-extras.cmake
[3.191s] -- Up-to-date: /home/mathew/ROS_files/Workspaces/minirys_sim_ws/install/minirys_sim_pkg/share/minirys_sim_pkg/cmake/minirys_sim_pkgConfig.cmake
[3.191s] -- Up-to-date: /home/mathew/ROS_files/Workspaces/minirys_sim_ws/install/minirys_sim_pkg/share/minirys_sim_pkg/cmake/minirys_sim_pkgConfig-version.cmake
[3.191s] -- Up-to-date: /home/mathew/ROS_files/Workspaces/minirys_sim_ws/install/minirys_sim_pkg/share/minirys_sim_pkg/package.xml
[3.193s] Invoked command in '/home/mathew/ROS_files/Workspaces/minirys_sim_ws/build/minirys_sim_pkg' returned '0': CMAKE_PREFIX_PATH=/opt/ros/foxy /usr/bin/cmake --install /home/mathew/ROS_files/Workspaces/minirys_sim_ws/build/minirys_sim_pkg
